SF:lib/presentation/bloc/send_collaboration_form/send_collaboration_form_cubit.dart
DA:6,4
DA:8,8
DA:10,1
DA:11,3
DA:13,1
DA:14,3
DA:16,4
DA:18,4
LF:8
LH:8
end_of_record
SF:lib/presentation/bloc/send_collaboration_form/send_collaboration_form_state.dart
DA:2,5
DA:16,2
DA:25,2
DA:26,1
DA:27,2
DA:28,2
DA:29,2
DA:30,2
LF:8
LH:8
end_of_record
SF:lib/core/config/supabase_config.dart
DA:5,0
DA:17,3
LF:2
LH:1
end_of_record
SF:lib/core/constants/app_borders.dart
DA:5,0
DA:15,58
DA:17,1
DA:18,3
DA:20,2
DA:21,1
DA:22,1
LF:7
LH:6
end_of_record
SF:lib/core/constants/app_constants.dart
DA:3,0
DA:37,3
DA:38,3
DA:41,6
LF:4
LH:3
end_of_record
SF:lib/core/constants/app_icons.dart
DA:7,0
LF:1
LH:0
end_of_record
SF:lib/data/datasources/booking_remote_datasource.dart
DA:8,1
DA:9,0
DA:19,1
DA:22,1
DA:23,1
DA:24,1
DA:25,1
DA:26,1
DA:27,1
DA:28,1
DA:29,4
DA:30,1
DA:34,1
DA:37,1
DA:38,1
DA:39,1
DA:40,1
DA:41,1
DA:42,1
DA:43,4
DA:44,1
DA:48,1
DA:51,1
DA:52,1
DA:53,1
DA:54,1
DA:55,1
DA:56,1
DA:57,4
DA:58,1
DA:62,1
DA:65,1
DA:66,1
DA:67,1
DA:68,1
DA:69,1
DA:70,1
DA:71,4
DA:72,1
DA:76,1
DA:79,1
DA:80,1
DA:81,1
DA:82,1
DA:83,1
DA:84,1
DA:85,4
DA:86,1
DA:90,1
DA:93,1
DA:94,1
DA:95,1
DA:96,1
DA:97,1
DA:98,1
DA:99,1
DA:100,4
DA:101,1
DA:102,1
DA:103,4
DA:104,2
DA:105,2
DA:106,1
DA:107,2
DA:114,1
DA:119,1
DA:121,1
DA:124,1
DA:130,1
DA:132,1
DA:133,1
DA:134,2
DA:135,1
DA:136,1
DA:141,1
DA:146,1
DA:151,1
DA:153,1
DA:155,1
DA:161,1
DA:164,1
DA:165,1
DA:166,2
DA:167,1
DA:168,1
DA:173,1
DA:178,1
DA:181,1
DA:182,1
DA:183,1
DA:184,1
DA:185,1
DA:186,1
DA:187,4
DA:188,1
DA:192,1
DA:195,1
DA:196,1
DA:197,1
DA:198,1
DA:199,1
DA:200,1
DA:201,4
DA:202,1
DA:206,1
DA:209,1
DA:210,1
DA:211,1
DA:212,1
DA:213,1
DA:214,1
DA:215,1
DA:216,4
DA:217,1
DA:222,1
DA:226,1
DA:228,1
DA:230,1
DA:232,1
DA:235,1
DA:236,1
DA:237,2
DA:239,1
DA:240,1
DA:241,1
DA:242,1
DA:246,1
DA:247,5
DA:248,1
DA:253,1
DA:257,1
DA:258,1
DA:259,1
DA:260,1
DA:261,1
DA:262,1
DA:263,2
DA:267,1
DA:270,1
DA:271,1
DA:272,1
DA:273,1
DA:274,1
DA:275,1
DA:276,1
DA:277,4
DA:278,1
DA:282,1
DA:285,1
DA:286,1
DA:287,1
DA:288,1
DA:289,1
DA:290,1
DA:291,1
DA:292,4
DA:293,1
DA:297,1
DA:300,1
DA:301,1
DA:302,1
DA:303,1
DA:304,1
DA:305,1
DA:306,1
DA:307,4
DA:308,1
DA:312,0
DA:313,0
DA:314,0
DA:315,0
DA:316,0
DA:317,0
DA:318,0
DA:319,0
DA:324,1
DA:327,1
DA:328,2
DA:329,1
DA:330,2
DA:331,1
DA:334,3
DA:335,3
DA:336,1
DA:337,1
DA:338,1
DA:339,1
DA:340,1
DA:341,2
DA:342,2
DA:344,3
DA:352,1
DA:355,1
DA:356,1
DA:357,1
DA:358,1
DA:359,1
DA:360,1
DA:361,1
DA:362,2
DA:363,4
DA:364,1
DA:369,1
DA:372,1
DA:373,1
DA:374,1
DA:375,1
DA:376,1
DA:377,1
DA:378,2
DA:379,4
DA:380,1
DA:385,1
DA:388,1
DA:389,1
DA:390,1
DA:391,1
DA:392,1
DA:393,1
DA:394,2
DA:395,4
DA:396,1
DA:401,1
DA:404,1
DA:405,1
DA:406,1
DA:407,1
DA:408,1
DA:409,1
DA:410,2
DA:411,4
DA:412,1
DA:417,1
DA:420,1
DA:421,1
DA:422,1
DA:423,1
DA:424,1
DA:425,1
DA:426,2
DA:427,4
DA:428,1
DA:433,1
DA:436,1
DA:437,1
DA:438,1
DA:439,1
DA:440,1
DA:441,1
DA:442,1
DA:443,2
DA:444,4
DA:445,1
DA:450,1
DA:453,1
DA:454,1
DA:455,1
DA:456,1
DA:457,1
DA:458,1
DA:459,1
DA:460,2
DA:461,4
DA:462,1
DA:471,1
DA:474,1
DA:475,1
DA:476,1
DA:477,1
DA:478,1
DA:479,1
DA:480,2
DA:481,4
DA:482,4
DA:483,1
LF:275
LH:266
end_of_record
SF:lib/data/datasources/chat_user_remote_datasource.dart
DA:12,1
DA:17,0
DA:18,0
DA:24,1
DA:29,1
DA:30,1
DA:31,2
DA:32,2
DA:34,2
DA:38,1
DA:39,1
DA:40,3
DA:46,0
DA:52,0
DA:54,0
DA:55,0
DA:56,0
DA:57,0
LF:18
LH:10
end_of_record
SF:lib/data/datasources/collaboration_remote_datasource.dart
DA:8,1
DA:9,0
DA:15,1
DA:28,1
DA:30,1
DA:34,3
DA:35,1
DA:36,1
DA:43,1
DA:51,2
DA:52,1
DA:55,1
DA:59,1
DA:60,1
DA:61,1
DA:64,1
DA:65,1
DA:68,2
DA:69,1
DA:70,4
DA:71,1
DA:74,1
DA:78,1
DA:79,1
DA:80,1
DA:83,0
DA:84,0
DA:87,2
DA:88,1
DA:89,4
DA:90,1
DA:93,1
DA:97,1
DA:98,1
DA:99,1
DA:102,0
DA:103,0
DA:106,2
DA:107,1
DA:108,4
DA:109,1
DA:112,1
DA:116,1
DA:117,1
DA:118,1
DA:121,0
DA:122,0
DA:126,1
DA:127,1
DA:128,1
DA:129,2
DA:130,4
DA:131,1
DA:135,1
DA:139,1
DA:140,1
DA:141,1
DA:144,0
DA:145,0
DA:149,1
DA:150,1
DA:151,1
DA:152,2
DA:153,4
DA:154,1
DA:158,1
DA:160,1
DA:162,1
DA:164,1
DA:166,1
DA:173,1
DA:178,2
DA:179,1
DA:182,2
DA:184,2
DA:187,1
DA:188,1
DA:189,1
DA:190,1
DA:194,1
DA:195,5
DA:196,1
DA:202,1
DA:206,1
DA:210,1
DA:214,1
DA:217,1
DA:218,1
DA:219,1
DA:220,1
DA:221,1
DA:222,1
DA:223,1
DA:224,1
DA:225,1
DA:226,1
DA:227,1
DA:228,3
DA:229,3
DA:232,1
DA:233,2
DA:234,2
LF:102
LH:93
end_of_record
SF:lib/data/datasources/creative_past_work_preferences_remote_datasource.dart
DA:5,1
DA:6,0
DA:12,1
DA:13,1
DA:14,1
DA:15,1
DA:16,1
DA:17,1
DA:18,1
DA:19,1
DA:20,0
DA:21,4
DA:24,1
DA:28,5
DA:31,1
DA:32,1
DA:35,1
DA:36,1
DA:37,1
DA:38,3
DA:41,1
DA:42,1
DA:43,4
DA:44,1
LF:24
LH:22
end_of_record
SF:lib/data/datasources/conversation_remote_datasource.dart
DA:21,1
DA:22,0
DA:28,1
DA:29,3
DA:30,1
DA:31,1
DA:32,1
DA:33,1
DA:34,3
DA:35,1
DA:36,2
DA:37,1
DA:38,1
DA:39,2
DA:40,1
DA:41,2
DA:42,1
DA:43,1
DA:44,1
DA:45,2
DA:50,0
DA:51,1
DA:53,1
DA:56,1
DA:65,1
DA:66,1
DA:67,1
DA:68,1
DA:69,1
DA:70,1
DA:71,1
DA:72,1
DA:73,1
DA:74,1
DA:75,1
DA:76,1
DA:77,1
DA:79,1
DA:80,1
DA:81,1
DA:82,2
DA:84,0
DA:85,1
DA:91,1
DA:92,1
DA:105,1
DA:106,0
DA:107,0
DA:108,0
DA:115,1
DA:119,2
DA:120,1
DA:122,1
DA:123,1
DA:124,1
DA:125,1
DA:127,1
DA:128,1
DA:129,1
DA:130,2
DA:131,3
DA:133,1
DA:134,3
DA:135,2
DA:137,1
DA:138,1
DA:139,1
DA:140,1
DA:150,3
DA:152,1
DA:153,1
DA:154,3
DA:156,1
DA:157,1
DA:158,3
DA:161,1
DA:162,1
DA:163,1
DA:164,1
DA:165,1
DA:166,1
DA:167,2
DA:170,1
DA:174,1
DA:176,1
DA:178,14
DA:179,1
DA:181,5
DA:182,1
DA:183,15
DA:187,1
DA:188,3
DA:189,1
DA:190,1
DA:191,1
DA:192,1
DA:193,1
DA:194,1
DA:195,1
DA:196,1
DA:197,2
DA:198,4
DA:199,1
DA:207,1
DA:208,2
DA:209,2
DA:210,1
DA:212,1
DA:213,1
DA:214,1
DA:215,1
DA:216,2
DA:217,1
DA:218,1
DA:219,1
DA:220,1
DA:221,1
DA:222,1
DA:223,2
DA:224,1
DA:225,1
DA:226,1
DA:227,1
DA:228,1
DA:229,1
DA:230,2
DA:231,1
DA:233,1
DA:234,1
DA:235,1
DA:236,1
DA:237,1
DA:238,2
DA:243,1
DA:247,2
DA:248,1
DA:249,1
DA:250,1
DA:251,1
DA:252,1
DA:253,1
DA:254,1
DA:255,2
DA:256,1
DA:257,1
DA:258,1
DA:259,1
DA:260,1
DA:261,1
DA:263,2
DA:268,1
DA:274,2
DA:276,1
DA:277,1
DA:278,1
DA:279,1
DA:281,0
DA:283,2
DA:284,3
DA:285,2
DA:286,1
DA:287,1
DA:288,1
DA:295,1
DA:296,2
DA:297,1
DA:298,1
DA:299,1
DA:300,1
DA:301,1
DA:302,2
DA:303,1
DA:305,1
LF:173
LH:166
end_of_record
SF:lib/data/datasources/portfolio_storage_datasource.dart
DA:16,1
DA:32,0
DA:33,1
DA:37,0
DA:39,0
DA:55,0
DA:57,0
DA:58,0
DA:67,1
DA:73,1
DA:74,1
DA:75,1
DA:80,2
DA:81,2
DA:82,1
DA:83,1
DA:86,1
DA:89,2
DA:90,2
DA:91,2
DA:93,2
DA:94,1
DA:95,1
DA:97,3
DA:98,0
DA:99,1
DA:102,1
DA:105,2
DA:106,1
DA:107,1
DA:108,1
DA:109,2
DA:110,1
DA:112,1
DA:113,1
DA:119,1
DA:124,3
DA:126,1
DA:129,2
DA:130,1
DA:137,1
DA:139,1
DA:146,2
DA:147,1
DA:149,0
DA:150,0
DA:157,1
DA:164,2
DA:170,1
DA:171,1
DA:175,1
DA:176,0
DA:182,1
DA:183,3
DA:185,1
DA:188,1
DA:189,1
DA:190,1
DA:194,2
DA:196,1
DA:203,1
DA:209,2
DA:210,1
DA:212,0
DA:213,0
LF:65
LH:53
end_of_record
SF:lib/data/datasources/event_remote_datasource.dart
DA:8,1
DA:9,0
DA:17,1
DA:18,1
DA:19,1
DA:20,1
DA:21,1
DA:22,1
DA:23,1
DA:24,2
DA:25,4
DA:26,1
DA:31,1
DA:32,1
DA:33,1
DA:34,1
DA:35,1
DA:36,1
DA:37,1
DA:38,4
DA:39,1
DA:45,1
DA:46,1
DA:47,1
DA:48,1
DA:49,1
DA:50,1
DA:51,1
DA:52,4
DA:53,1
DA:54,2
DA:55,1
DA:56,1
DA:59,0
DA:60,0
DA:68,1
DA:69,1
DA:70,1
DA:71,2
DA:72,1
DA:73,1
DA:74,1
DA:75,4
DA:76,1
DA:77,2
DA:78,1
DA:79,1
DA:82,0
DA:83,0
DA:89,1
DA:104,1
DA:120,1
DA:121,1
DA:122,2
DA:123,1
DA:124,1
DA:143,1
DA:144,1
DA:145,1
DA:146,1
DA:147,1
DA:148,1
DA:149,1
DA:150,1
DA:151,1
DA:152,1
DA:153,1
DA:154,1
DA:155,1
DA:156,1
DA:157,1
DA:158,1
DA:159,1
DA:161,1
DA:162,1
DA:163,2
DA:164,2
DA:169,1
DA:170,1
DA:171,1
DA:172,1
DA:173,1
DA:174,2
DA:175,2
DA:182,1
DA:183,2
DA:184,5
DA:185,1
DA:187,1
DA:188,3
DA:189,3
DA:190,1
DA:191,4
DA:193,4
DA:194,2
DA:195,2
DA:196,3
DA:204,1
DA:205,5
DA:206,1
DA:211,1
DA:212,1
DA:213,1
DA:214,1
DA:215,1
DA:217,1
DA:218,3
DA:219,2
DA:220,4
DA:221,2
DA:222,3
DA:224,1
DA:226,4
DA:229,1
DA:231,1
DA:233,1
DA:235,1
DA:237,1
LF:118
LH:113
end_of_record
SF:lib/data/datasources/planner_profile_remote_datasource.dart
DA:8,1
DA:9,0
DA:15,1
DA:16,4
DA:17,2
DA:18,2
DA:25,1
DA:29,1
DA:30,1
DA:31,1
DA:32,1
DA:33,1
DA:34,4
DA:35,1
DA:37,5
DA:42,1
DA:43,1
DA:44,1
DA:45,1
DA:46,1
DA:47,1
DA:48,1
DA:49,1
DA:50,1
DA:51,1
DA:52,1
DA:54,1
DA:55,1
DA:56,2
DA:57,3
LF:30
LH:29
end_of_record
SF:lib/data/datasources/profile_remote_datasource.dart
DA:9,1
DA:10,0
DA:16,1
DA:22,2
DA:27,0
DA:29,0
DA:30,0
DA:32,1
DA:34,3
DA:35,1
DA:36,4
DA:37,1
DA:39,5
DA:45,1
DA:46,1
DA:47,1
DA:48,2
DA:49,1
DA:50,2
DA:51,2
DA:56,1
DA:57,1
DA:58,1
DA:59,1
DA:60,1
DA:61,1
DA:62,2
DA:63,4
DA:69,1
DA:70,1
DA:71,5
DA:72,1
DA:74,1
DA:75,3
DA:76,3
DA:77,1
DA:78,1
DA:79,1
DA:80,1
DA:81,2
DA:82,3
DA:88,2
DA:90,1
DA:91,2
DA:92,1
DA:93,0
DA:94,1
DA:95,0
DA:97,1
DA:98,1
DA:100,1
DA:102,1
DA:103,1
DA:104,1
DA:105,1
DA:106,1
DA:107,1
DA:108,1
DA:109,1
DA:110,1
DA:111,1
DA:112,1
DA:113,1
DA:114,1
DA:115,1
DA:117,1
DA:118,1
DA:119,1
DA:120,3
DA:123,1
DA:128,1
DA:129,5
DA:135,0
DA:136,0
DA:137,0
DA:138,0
DA:139,0
DA:142,0
DA:143,0
DA:144,0
DA:145,0
DA:146,0
DA:147,0
DA:148,0
DA:149,0
LF:85
LH:66
end_of_record
SF:lib/data/datasources/review_remote_datasource.dart
DA:8,1
DA:9,0
DA:17,0
DA:18,0
DA:19,0
DA:20,0
DA:21,0
DA:22,0
DA:23,0
DA:24,0
DA:25,0
DA:29,1
DA:36,3
DA:37,1
DA:41,1
DA:43,1
DA:47,1
DA:49,1
DA:51,1
DA:52,1
DA:53,2
DA:57,0
DA:64,0
DA:65,0
DA:70,0
DA:72,0
DA:76,0
DA:78,0
DA:80,0
DA:81,0
DA:82,0
DA:86,0
DA:90,0
DA:91,0
DA:92,0
DA:93,0
DA:94,0
DA:95,0
DA:96,0
DA:97,0
DA:101,1
DA:105,1
DA:106,1
DA:107,1
DA:108,1
DA:109,1
DA:110,1
DA:111,2
DA:112,0
DA:119,0
DA:120,0
DA:121,0
DA:123,0
DA:125,0
DA:130,1
DA:131,3
DA:132,3
DA:133,1
DA:134,1
DA:135,1
DA:136,2
DA:138,1
DA:140,1
DA:142,1
DA:144,2
DA:146,1
DA:152,1
DA:153,3
DA:154,3
DA:155,1
DA:156,1
DA:157,1
DA:158,2
DA:160,1
DA:162,1
DA:164,1
DA:166,2
DA:168,1
LF:78
LH:43
end_of_record
SF:lib/data/datasources/user_remote_datasource.dart
DA:11,1
DA:12,0
DA:19,1
DA:20,4
DA:21,2
DA:22,2
DA:29,1
DA:30,1
DA:31,2
DA:32,1
DA:34,3
DA:35,3
DA:36,1
DA:37,4
DA:39,4
DA:40,3
DA:41,1
DA:42,2
DA:43,2
DA:44,2
DA:51,1
DA:52,1
DA:53,1
DA:54,1
DA:55,1
DA:56,1
DA:57,1
DA:58,1
DA:59,1
DA:60,0
DA:63,1
DA:64,1
DA:65,2
DA:66,3
DA:69,1
DA:73,1
DA:74,1
DA:75,2
DA:76,1
DA:77,1
DA:79,1
DA:80,1
DA:81,1
DA:86,1
DA:91,5
DA:92,1
DA:93,1
DA:99,1
DA:106,1
DA:107,1
DA:108,1
DA:110,1
DA:112,1
DA:113,1
DA:114,1
DA:115,1
DA:116,1
DA:117,1
DA:118,1
DA:119,1
DA:120,1
DA:121,1
DA:122,1
DA:123,1
DA:124,1
DA:125,1
DA:127,3
DA:128,1
DA:129,1
DA:130,1
DA:131,1
DA:132,1
DA:133,1
DA:134,1
DA:135,1
DA:136,2
DA:139,1
DA:141,1
DA:142,1
DA:144,1
DA:145,1
DA:146,1
DA:147,1
DA:148,1
DA:150,3
DA:151,2
DA:153,1
DA:158,1
DA:159,5
DA:160,1
DA:164,1
DA:170,1
DA:172,2
DA:177,2
DA:180,1
DA:182,1
DA:183,4
DA:186,1
DA:187,5
DA:188,1
DA:192,1
DA:193,6
DA:196,2
DA:197,2
DA:206,1
DA:210,1
DA:211,1
DA:212,1
DA:213,1
DA:214,1
DA:215,3
DA:219,1
DA:223,1
DA:224,2
DA:225,1
DA:226,1
DA:227,1
DA:228,1
DA:229,2
DA:230,4
DA:232,1
DA:236,1
DA:237,1
DA:238,1
DA:239,1
DA:240,1
DA:241,1
DA:242,7
DA:249,1
DA:252,1
DA:253,1
DA:254,1
DA:255,1
DA:256,1
DA:257,1
DA:258,1
DA:259,9
DA:266,1
DA:267,3
DA:268,1
DA:269,1
DA:270,1
DA:271,1
DA:272,1
DA:273,3
DA:277,1
DA:278,3
DA:279,1
DA:280,1
DA:281,1
DA:282,1
DA:283,1
DA:284,1
LF:153
LH:151
end_of_record
SF:lib/data/repositories/auth_repository_impl.dart
DA:11,1
DA:16,0
DA:17,0
DA:19,0
DA:20,0
DA:22,1
DA:24,1
DA:25,2
DA:26,2
DA:27,2
DA:28,2
DA:29,2
DA:30,2
DA:33,1
DA:35,2
DA:36,1
DA:40,0
DA:42,0
DA:44,1
DA:46,2
DA:48,0
DA:50,0
DA:53,0
DA:55,0
DA:57,0
DA:58,0
DA:60,0
DA:61,0
DA:62,0
DA:66,0
DA:71,0
DA:73,0
DA:76,0
DA:78,0
DA:81,1
DA:85,2
DA:86,2
DA:87,2
DA:88,1
DA:89,3
DA:90,1
DA:91,1
DA:92,4
DA:93,1
DA:96,1
DA:100,0
DA:101,0
DA:103,0
DA:104,0
DA:105,0
DA:106,0
DA:107,0
DA:110,0
DA:114,0
DA:115,0
DA:117,0
LF:56
LH:25
end_of_record
SF:lib/data/repositories/booking_repository_impl.dart
DA:7,1
DA:11,1
DA:14,2
DA:16,1
DA:19,2
DA:21,1
DA:24,2
DA:26,1
DA:28,2
DA:30,1
DA:33,2
DA:35,1
DA:38,2
DA:40,1
DA:42,2
DA:44,1
DA:47,2
DA:49,1
DA:51,2
DA:53,1
DA:55,2
DA:57,1
DA:59,2
DA:61,1
DA:66,2
DA:72,1
DA:77,2
DA:83,1
DA:86,2
DA:88,1
DA:91,2
DA:93,1
DA:95,2
DA:97,1
DA:99,2
DA:101,1
DA:103,2
DA:105,1
DA:107,2
DA:108,2
DA:109,3
DA:113,1
DA:115,2
DA:117,1
DA:120,2
DA:122,1
DA:125,2
DA:127,1
DA:130,2
DA:132,1
DA:135,2
DA:137,1
DA:140,2
DA:142,1
DA:145,2
DA:147,1
DA:150,2
DA:152,1
DA:155,2
LF:59
LH:59
end_of_record
SF:lib/data/repositories/chat_user_repository_impl.dart
DA:6,1
DA:10,1
DA:12,1
DA:13,2
DA:14,1
DA:16,1
DA:20,1
DA:22,2
LF:8
LH:8
end_of_record
SF:lib/data/repositories/collaboration_repository_impl.dart
DA:7,1
DA:11,0
DA:24,0
DA:38,0
DA:42,0
DA:44,0
DA:48,0
DA:50,0
DA:54,0
DA:56,0
DA:61,0
DA:67,0
DA:69,0
DA:71,1
DA:73,2
DA:77,2
DA:78,2
DA:79,1
DA:86,0
DA:90,0
DA:92,0
DA:94,0
DA:96,0
DA:100,0
DA:102,0
DA:106,0
LF:26
LH:6
end_of_record
SF:lib/data/repositories/creative_past_work_preferences_repository_impl.dart
DA:6,1
DA:10,0
DA:12,0
DA:14,0
DA:16,0
DA:18,1
DA:25,2
DA:27,2
LF:8
LH:4
end_of_record
SF:lib/data/repositories/conversation_repository_impl.dart
DA:8,1
DA:13,0
DA:15,0
DA:17,1
DA:22,2
DA:27,0
DA:29,2
DA:32,0
DA:34,0
DA:36,1
DA:38,2
DA:40,1
DA:44,2
DA:46,0
DA:48,0
LF:15
LH:8
end_of_record
SF:lib/data/repositories/notification_repository_impl.dart
DA:23,1
DA:39,1
DA:45,1
DA:46,1
DA:47,1
DA:48,1
DA:49,1
DA:50,1
DA:51,1
DA:52,1
DA:53,1
DA:54,1
DA:55,1
DA:56,1
DA:59,1
DA:60,1
DA:61,1
DA:63,1
DA:64,2
DA:65,3
DA:66,3
DA:67,1
DA:68,2
DA:69,1
DA:70,1
DA:71,1
DA:72,2
DA:74,1
DA:75,1
DA:77,2
DA:78,1
DA:79,1
DA:80,1
DA:84,2
DA:85,3
DA:86,2
DA:87,1
DA:88,1
DA:89,1
DA:90,2
DA:93,1
DA:96,1
DA:99,1
DA:100,1
DA:104,1
DA:105,1
DA:109,2
DA:110,3
DA:111,2
DA:112,1
DA:113,1
DA:114,1
DA:115,2
DA:118,1
DA:121,1
DA:124,1
DA:125,1
DA:129,1
DA:130,1
DA:134,2
DA:135,3
DA:136,3
DA:137,1
DA:138,2
DA:139,1
DA:140,1
DA:141,1
DA:142,2
DA:145,1
DA:147,2
DA:148,1
DA:149,1
DA:150,1
DA:154,2
DA:155,3
DA:156,3
DA:157,1
DA:158,2
DA:159,1
DA:160,1
DA:161,1
DA:162,2
DA:165,1
DA:167,2
DA:168,1
DA:169,1
DA:170,1
DA:175,2
DA:176,3
DA:177,3
DA:178,1
DA:179,2
DA:180,1
DA:181,1
DA:182,1
DA:183,2
DA:185,1
DA:186,1
DA:189,1
DA:190,1
DA:191,1
DA:195,2
DA:196,3
DA:197,1
DA:198,1
DA:199,1
DA:200,1
DA:201,2
DA:204,1
DA:206,2
DA:207,1
DA:208,1
DA:212,2
DA:213,3
DA:214,1
DA:215,1
DA:216,1
DA:217,1
DA:218,2
DA:221,1
DA:224,1
DA:225,1
DA:229,2
DA:230,3
DA:231,2
DA:232,1
DA:233,1
DA:234,1
DA:235,2
DA:238,1
DA:241,1
DA:244,1
DA:245,1
DA:249,1
DA:250,1
DA:254,1
DA:255,0
DA:256,0
DA:257,0
DA:258,0
DA:259,0
DA:260,0
DA:263,0
DA:266,0
DA:269,0
DA:270,0
DA:274,0
DA:275,0
DA:279,1
DA:280,0
DA:281,0
DA:282,0
DA:283,0
DA:284,0
DA:285,0
DA:288,0
DA:291,0
DA:294,0
DA:295,0
DA:299,0
DA:300,0
DA:304,2
DA:305,1
DA:306,1
DA:307,1
DA:308,1
DA:310,1
DA:311,0
DA:312,1
DA:315,0
DA:317,1
DA:318,1
DA:319,1
DA:320,1
DA:321,1
DA:323,1
DA:326,1
DA:328,1
DA:334,2
DA:335,4
DA:336,1
DA:338,1
DA:339,1
DA:340,1
DA:341,2
DA:343,1
DA:344,1
DA:346,2
DA:347,1
DA:348,1
DA:353,5
DA:354,2
DA:356,2
DA:357,1
DA:361,1
DA:362,1
DA:363,1
DA:366,1
DA:367,1
DA:368,1
DA:369,1
DA:370,1
DA:371,1
DA:372,4
DA:374,1
DA:375,1
DA:376,1
DA:380,1
DA:381,3
DA:384,1
DA:385,1
DA:386,1
DA:390,1
DA:391,3
DA:394,1
DA:395,1
DA:396,1
DA:397,1
DA:398,3
DA:401,1
DA:402,1
DA:403,1
DA:404,1
DA:405,3
DA:409,1
DA:410,1
DA:411,1
DA:412,4
DA:414,1
DA:415,1
DA:416,1
DA:417,4
DA:419,1
DA:420,1
DA:421,1
DA:422,4
DA:424,1
DA:425,1
DA:426,1
DA:430,4
DA:432,1
DA:433,1
DA:434,1
DA:438,1
DA:439,0
DA:442,1
DA:443,1
DA:444,1
DA:448,1
DA:449,0
DA:452,1
DA:453,1
DA:454,1
DA:455,4
DA:458,1
DA:459,1
DA:460,1
DA:461,4
DA:464,1
DA:465,2
DA:466,1
DA:471,1
DA:474,1
DA:476,2
DA:479,1
DA:484,2
DA:490,1
DA:492,2
DA:495,1
DA:497,2
DA:498,0
DA:499,2
DA:500,0
DA:501,3
LF:274
LH:244
end_of_record
SF:lib/data/repositories/followed_planners_repository_impl.dart
DA:9,1
DA:12,0
DA:20,1
DA:22,2
DA:23,0
DA:24,0
DA:25,0
DA:26,0
DA:27,0
DA:28,0
DA:29,0
DA:30,0
DA:32,0
DA:34,0
DA:39,1
DA:41,2
DA:42,0
DA:43,0
DA:44,0
DA:45,0
DA:46,0
DA:47,0
DA:48,0
DA:49,0
DA:51,0
DA:56,1
DA:58,2
DA:59,0
DA:60,0
DA:61,0
DA:62,0
DA:63,0
DA:64,0
DA:67,1
DA:71,2
DA:72,0
DA:73,0
DA:74,0
DA:75,0
DA:76,0
DA:77,0
DA:78,0
DA:79,0
DA:80,0
DA:81,0
DA:83,0
LF:46
LH:9
end_of_record
SF:lib/data/repositories/saved_creatives_repository_impl.dart
DA:9,1
DA:12,0
DA:20,1
DA:22,2
DA:23,0
DA:24,0
DA:25,0
DA:26,0
DA:27,0
DA:28,0
DA:29,0
DA:30,0
DA:32,0
DA:34,0
DA:39,1
DA:41,2
DA:42,0
DA:43,0
DA:44,0
DA:45,0
DA:46,0
DA:47,0
DA:50,1
DA:52,2
DA:53,0
DA:54,0
DA:55,0
DA:56,0
DA:57,0
DA:58,0
DA:59,0
DA:60,0
LF:32
LH:7
end_of_record
SF:lib/data/repositories/event_repository_impl.dart
DA:7,1
DA:11,0
DA:13,0
DA:15,0
DA:17,0
DA:19,0
DA:21,0
DA:23,0
DA:25,0
DA:27,0
DA:29,0
DA:31,0
DA:33,0
DA:35,1
DA:50,2
DA:66,0
DA:68,0
DA:70,0
DA:72,0
DA:74,0
DA:75,0
LF:21
LH:3
end_of_record
SF:lib/data/repositories/planner_profile_repository_impl.dart
DA:9,1
DA:14,1
DA:16,2
DA:18,2
DA:19,2
DA:22,1
DA:27,2
DA:31,1
DA:32,5
DA:33,2
DA:35,6
DA:36,1
DA:39,1
DA:41,1
DA:42,2
DA:43,1
DA:44,1
DA:45,1
DA:46,3
DA:49,1
DA:54,0
DA:56,0
LF:22
LH:20
end_of_record
SF:lib/data/repositories/profile_repository_impl.dart
DA:11,1
DA:16,1
DA:24,2
DA:30,2
DA:31,1
DA:34,5
DA:35,2
DA:37,6
DA:38,1
DA:42,1
DA:43,5
DA:45,1
DA:49,1
DA:51,1
DA:52,2
DA:53,1
DA:54,1
DA:55,1
DA:56,2
DA:58,1
DA:62,1
DA:68,0
DA:70,0
DA:72,0
DA:73,0
DA:76,0
DA:78,0
DA:80,0
DA:81,0
DA:84,0
DA:86,0
DA:87,0
DA:88,0
DA:89,0
DA:91,0
DA:92,0
DA:95,0
DA:97,0
DA:99,0
DA:100,0
DA:104,0
DA:106,0
DA:108,0
DA:113,0
DA:115,0
DA:117,0
LF:46
LH:21
end_of_record
SF:lib/data/repositories/review_repository_impl.dart
DA:8,1
DA:13,0
DA:15,0
DA:17,1
DA:25,2
DA:32,1
DA:37,1
DA:38,2
DA:40,2
DA:41,1
DA:42,4
DA:43,2
DA:44,2
DA:45,1
DA:46,2
DA:47,1
DA:51,0
DA:55,0
DA:57,0
DA:65,0
DA:72,0
DA:76,0
DA:80,0
DA:82,0
DA:84,0
DA:86,0
DA:88,0
DA:90,0
DA:92,0
LF:29
LH:14
end_of_record
SF:lib/data/repositories/user_repository_impl.dart
DA:11,1
DA:21,1
DA:23,2
DA:25,1
DA:26,1
DA:27,4
DA:29,1
DA:30,1
DA:31,1
DA:33,1
DA:34,1
DA:38,1
DA:40,1
DA:41,1
DA:45,1
DA:47,1
DA:48,1
DA:52,1
DA:54,1
DA:55,1
DA:59,1
DA:64,1
DA:66,2
DA:67,1
DA:68,2
DA:70,1
DA:71,1
DA:72,1
DA:73,1
DA:74,1
DA:79,0
DA:85,0
DA:92,0
DA:93,0
DA:95,0
DA:96,0
DA:98,0
DA:100,0
DA:102,0
DA:103,0
DA:105,0
DA:107,0
DA:109,0
DA:113,0
DA:115,0
DA:120,0
DA:122,0
DA:129,0
DA:137,0
DA:138,0
LF:50
LH:30
end_of_record
SF:lib/domain/usecases/auth/send_sign_in_link_usecase.dart
DA:5,2
DA:9,2
DA:10,4
LF:3
LH:3
end_of_record
SF:lib/domain/usecases/auth/sign_in_with_email_link_usecase.dart
DA:6,2
DA:10,2
DA:11,4
LF:3
LH:3
end_of_record
SF:lib/domain/usecases/auth/sign_in_with_google_usecase.dart
DA:6,2
DA:10,2
DA:11,4
LF:3
LH:3
end_of_record
SF:lib/domain/usecases/auth/sign_out_usecase.dart
DA:5,2
DA:9,1
DA:10,2
LF:3
LH:3
end_of_record
SF:lib/domain/usecases/auth/update_email_usecase.dart
DA:5,1
DA:9,1
DA:10,2
LF:3
LH:3
end_of_record
SF:lib/domain/usecases/user/change_username_usecase.dart
DA:7,1
DA:8,4
DA:9,2
DA:18,2
DA:23,2
DA:31,1
DA:39,1
DA:40,1
DA:43,2
DA:50,1
DA:51,1
DA:52,1
DA:56,1
DA:57,1
DA:59,1
DA:60,1
DA:61,1
DA:64,1
DA:65,1
DA:67,2
DA:68,1
DA:71,2
DA:73,1
DA:75,1
DA:77,3
DA:79,1
DA:82,1
DA:84,1
DA:86,1
DA:87,1
DA:88,1
DA:89,1
DA:90,1
DA:91,1
DA:92,1
DA:93,1
DA:97,2
DA:98,1
DA:104,1
DA:105,1
DA:108,1
LF:41
LH:41
end_of_record
SF:lib/domain/usecases/user/upsert_user_usecase.dart
DA:6,1
DA:10,3
LF:2
LH:2
end_of_record
SF:lib/presentation/bloc/auth/auth_bloc.dart
DA:15,1
DA:24,1
DA:25,2
DA:26,2
DA:27,2
DA:28,2
DA:36,1
DA:40,1
DA:42,3
DA:43,3
DA:45,3
DA:49,1
DA:53,1
DA:55,4
DA:56,2
DA:57,1
DA:59,0
DA:63,1
DA:67,1
DA:69,2
DA:70,2
DA:71,1
DA:73,3
DA:77,1
DA:79,2
DA:80,0
DA:81,0
DA:88,0
DA:92,0
DA:94,0
DA:95,0
DA:96,0
DA:98,0
DA:102,1
DA:103,1
DA:104,0
DA:105,0
DA:109,1
DA:110,1
DA:113,1
DA:116,0
DA:119,0
DA:123,0
DA:124,0
DA:125,0
DA:126,0
LF:46
LH:29
end_of_record
SF:lib/presentation/bloc/onboarding/onboarding_cubit.dart
DA:11,0
DA:12,0
DA:13,0
DA:14,0
DA:15,0
DA:21,0
DA:22,0
DA:23,0
DA:26,0
DA:27,0
DA:28,0
DA:31,0
DA:32,0
LF:13
LH:0
end_of_record
SF:lib/presentation/bloc/onboarding/profile_setup_draft_storage.dart
DA:12,1
DA:16,2
DA:19,1
DA:24,1
DA:26,1
DA:27,1
DA:28,1
DA:29,1
DA:30,1
DA:31,2
DA:32,1
DA:34,4
DA:38,1
DA:39,3
DA:42,1
DA:43,2
DA:44,1
DA:45,1
DA:46,1
DA:47,1
DA:48,1
DA:49,1
DA:50,1
DA:51,1
DA:52,1
DA:54,1
DA:64,1
DA:65,3
DA:68,1
DA:71,1
DA:73,0
DA:75,0
DA:77,0
DA:82,1
DA:84,1
DA:86,0
DA:88,0
DA:90,0
LF:38
LH:32
end_of_record
SF:lib/presentation/bloc/settings/settings_cubit.dart
DA:23,3
DA:33,3
DA:34,3
DA:35,6
DA:36,3
DA:37,3
DA:38,3
DA:39,3
DA:41,3
DA:42,3
DA:44,3
DA:54,3
DA:56,3
DA:58,3
DA:65,1
DA:67,1
DA:69,1
DA:71,1
DA:76,1
DA:77,3
DA:78,3
DA:81,1
DA:82,2
DA:83,3
DA:84,2
DA:86,1
DA:88,1
DA:92,2
DA:93,4
DA:94,6
DA:97,3
DA:99,3
DA:101,3
DA:108,2
DA:110,2
DA:112,2
DA:119,3
DA:121,3
DA:123,3
DA:130,2
DA:132,2
DA:134,1
DA:141,1
DA:142,3
DA:143,3
DA:144,1
DA:151,0
DA:152,0
DA:153,0
DA:154,0
DA:161,0
DA:162,0
DA:163,0
DA:164,0
DA:173,2
DA:174,2
DA:176,2
DA:178,2
DA:179,2
DA:180,2
DA:181,6
DA:182,6
DA:183,4
DA:184,2
DA:185,4
DA:193,1
DA:198,1
DA:199,1
DA:201,1
DA:204,1
DA:205,1
DA:212,2
DA:213,3
DA:215,2
DA:216,1
DA:219,0
DA:220,0
DA:221,0
DA:223,0
DA:224,0
LF:80
LH:67
end_of_record
SF:lib/core/services/push_notification_service.dart
DA:19,1
DA:20,0
DA:34,1
DA:41,2
DA:44,1
DA:45,1
DA:47,1
DA:51,1
DA:58,2
DA:60,1
DA:61,1
DA:64,1
DA:67,2
DA:68,0
DA:69,0
DA:74,1
DA:75,1
DA:84,1
DA:91,2
DA:94,1
DA:95,1
DA:97,1
DA:101,1
DA:108,2
DA:110,1
DA:111,1
DA:114,1
DA:117,2
DA:118,1
DA:119,3
DA:124,0
DA:125,0
DA:136,1
DA:142,2
DA:145,1
DA:146,1
DA:148,1
DA:152,1
DA:158,2
DA:160,1
DA:161,1
DA:164,1
DA:167,2
DA:168,1
DA:169,3
DA:174,0
DA:175,0
LF:47
LH:40
end_of_record
SF:lib/core/utils/toast_utils.dart
DA:6,8
DA:7,8
DA:8,16
DA:9,16
DA:10,8
DA:11,8
DA:12,3
LF:7
LH:7
end_of_record
SF:lib/domain/entities/collaboration_entity.dart
DA:8,7
DA:47,1
DA:48,5
DA:49,5
DA:50,2
DA:51,3
DA:52,2
DA:53,1
DA:59,2
DA:61,2
DA:63,2
DA:65,1
DA:67,1
DA:74,1
DA:75,1
DA:76,1
DA:77,1
DA:78,1
DA:79,1
DA:80,1
DA:81,1
DA:82,1
DA:83,1
DA:84,1
DA:85,1
DA:86,1
DA:87,1
DA:88,1
DA:89,1
DA:90,1
DA:91,1
LF:31
LH:31
end_of_record
SF:lib/domain/entities/event_entity.dart
DA:20,19
DA:54,2
DA:56,2
DA:58,2
DA:60,2
DA:67,1
DA:68,1
DA:69,1
DA:71,1
DA:73,1
DA:78,2
DA:80,2
DA:82,2
DA:84,2
DA:86,1
DA:93,1
DA:94,1
DA:95,1
DA:97,1
DA:99,1
DA:101,1
DA:106,1
DA:107,1
DA:108,1
DA:109,1
DA:110,1
DA:111,1
DA:112,1
DA:113,1
DA:114,1
DA:115,1
DA:116,1
DA:117,1
DA:118,1
DA:119,1
DA:120,1
DA:121,1
DA:122,1
LF:38
LH:38
end_of_record
SF:lib/domain/entities/profile_entity.dart
DA:13,10
DA:58,4
DA:63,4
DA:64,4
DA:65,4
DA:66,4
DA:67,4
DA:68,4
DA:69,4
DA:70,4
DA:71,4
DA:72,4
DA:73,4
DA:74,4
DA:75,4
DA:76,4
DA:77,4
DA:78,4
DA:79,3
DA:80,3
DA:81,2
DA:85,2
DA:87,2
DA:89,2
DA:96,1
DA:97,1
DA:98,1
DA:100,1
DA:102,1
DA:107,1
DA:108,1
DA:109,1
DA:111,1
DA:113,1
DA:115,1
DA:117,1
DA:122,2
DA:124,2
DA:126,2
DA:128,2
DA:130,2
DA:137,1
DA:138,1
DA:139,1
DA:140,1
DA:141,1
DA:142,1
DA:143,1
DA:144,1
DA:145,1
DA:146,1
DA:147,1
DA:148,1
DA:149,1
DA:150,1
DA:151,1
DA:152,1
DA:153,1
LF:58
LH:58
end_of_record
SF:lib/domain/entities/user_entity.dart
DA:14,14
DA:42,1
DA:43,1
DA:44,1
DA:46,1
DA:48,1
DA:53,2
DA:55,2
DA:57,2
DA:64,5
DA:66,5
DA:68,5
DA:70,5
DA:77,3
DA:79,3
DA:81,3
DA:83,3
DA:88,2
DA:90,2
DA:92,2
DA:94,2
DA:101,2
DA:103,2
DA:105,2
DA:107,1
DA:112,2
DA:113,2
DA:114,2
DA:115,2
DA:116,2
DA:117,2
DA:118,2
DA:119,2
DA:120,2
DA:121,2
DA:122,2
DA:123,2
DA:124,2
DA:125,2
LF:39
LH:39
end_of_record
SF:lib/presentation/widgets/organisms/bottom_nav_shell.dart
DA:30,1
DA:34,1
DA:36,1
DA:37,1
DA:38,2
DA:39,1
DA:41,1
DA:42,2
DA:43,2
DA:44,1
DA:46,1
DA:51,3
DA:52,1
DA:54,2
DA:55,1
DA:57,4
DA:58,1
DA:59,1
DA:60,0
DA:61,1
DA:65,1
DA:67,0
DA:68,2
DA:69,1
DA:71,1
DA:72,1
DA:73,1
DA:74,1
DA:75,1
DA:78,1
DA:80,1
DA:83,1
DA:99,1
DA:100,2
DA:101,2
DA:102,2
DA:103,1
DA:104,2
DA:107,1
DA:108,1
DA:109,2
DA:111,1
DA:115,1
DA:118,1
DA:120,1
DA:123,1
DA:124,2
DA:127,2
DA:128,1
DA:129,2
DA:130,2
DA:133,3
DA:151,1
DA:165,1
DA:167,2
DA:170,1
DA:172,1
DA:173,2
DA:174,3
DA:175,1
DA:176,2
DA:177,1
DA:179,1
DA:180,1
DA:181,1
DA:183,1
DA:185,1
DA:187,0
DA:189,0
DA:196,0
DA:197,0
DA:198,0
DA:200,1
DA:201,2
DA:202,1
DA:205,1
DA:206,0
DA:207,0
DA:208,0
DA:210,0
DA:211,0
DA:212,0
DA:213,0
DA:215,0
DA:216,0
DA:217,0
DA:220,0
DA:224,1
DA:225,1
DA:227,1
DA:229,1
DA:233,1
DA:234,1
DA:235,1
DA:236,1
DA:237,1
DA:238,1
DA:239,1
DA:240,1
DA:241,1
DA:242,1
DA:253,1
DA:254,3
DA:256,4
DA:257,2
DA:258,1
DA:260,1
DA:261,3
DA:264,1
DA:265,1
DA:266,1
DA:267,2
DA:268,1
DA:270,1
DA:271,1
DA:272,1
DA:275,1
DA:277,1
DA:279,0
DA:281,0
DA:289,1
DA:290,1
DA:291,2
DA:292,1
DA:293,1
DA:295,1
DA:296,1
DA:297,0
DA:299,1
DA:300,1
DA:301,1
DA:303,2
DA:309,1
DA:310,1
DA:311,1
DA:312,1
DA:314,1
DA:315,1
DA:316,1
DA:319,0
DA:323,1
DA:324,0
DA:325,1
DA:330,1
LF:144
LH:121
end_of_record
SF:lib/core/utils/event_date_utils.dart
DA:5,4
DA:6,4
DA:7,16
DA:10,2
DA:11,9
DA:16,4
DA:17,8
DA:18,4
DA:19,28
DA:20,12
DA:24,3
DA:25,6
DA:26,3
DA:27,21
DA:28,6
LF:15
LH:15
end_of_record
SF:lib/core/utils/event_location_utils.dart
DA:11,6
DA:17,4
DA:18,4
DA:20,1
DA:22,1
DA:28,5
DA:33,5
DA:40,11
DA:44,2
DA:49,2
DA:56,5
DA:60,2
DA:65,2
DA:72,5
DA:76,2
DA:81,2
DA:88,4
DA:89,2
DA:90,2
DA:91,1
DA:93,5
LF:21
LH:21
end_of_record
SF:lib/core/utils/firestore_error_utils.dart
DA:5,2
DA:7,4
DA:8,2
DA:9,2
DA:10,2
DA:11,2
DA:14,4
LF:7
LH:7
end_of_record
SF:lib/core/utils/image_url_utils.dart
DA:7,0
DA:11,1
DA:12,1
LF:3
LH:2
end_of_record
SF:lib/core/utils/number_formatter.dart
DA:5,0
DA:8,6
DA:9,13
DA:10,18
DA:11,12
DA:12,6
DA:14,6
DA:15,6
DA:16,6
DA:17,10
DA:20,6
DA:21,6
DA:22,9
DA:23,3
DA:25,7
DA:29,1
DA:30,2
DA:31,2
DA:35,3
DA:36,3
DA:37,3
DA:38,3
DA:39,12
LF:23
LH:22
end_of_record
SF:lib/core/utils/validators.dart
DA:7,0
DA:10,2
DA:11,2
DA:14,4
DA:21,1
DA:22,1
DA:25,2
DA:32,1
DA:33,2
DA:34,1
LF:10
LH:9
end_of_record
SF:lib/domain/entities/booking_entity.dart
DA:8,10
DA:34,2
DA:36,2
DA:38,2
DA:40,2
DA:42,2
DA:44,2
DA:51,0
DA:52,0
DA:53,0
DA:54,0
DA:55,0
DA:56,0
DA:57,0
DA:58,0
DA:59,0
DA:60,0
LF:17
LH:7
end_of_record
SF:lib/data/models/booking_model.dart
DA:7,1
DA:20,1
DA:23,1
DA:24,1
DA:25,1
DA:26,1
DA:27,1
DA:28,1
DA:29,1
DA:30,1
DA:31,1
DA:33,2
DA:35,1
DA:36,1
DA:37,0
DA:38,0
DA:39,1
DA:54,1
DA:55,1
DA:56,2
DA:57,2
DA:58,2
DA:59,2
DA:60,1
DA:61,2
DA:62,2
DA:63,0
DA:64,3
DA:68,1
DA:69,1
DA:70,1
DA:72,1
DA:74,0
DA:76,0
DA:78,0
DA:83,1
DA:84,1
DA:85,1
DA:86,1
DA:87,1
DA:88,1
DA:89,1
DA:90,1
DA:91,1
DA:92,1
DA:93,1
DA:94,1
LF:47
LH:41
end_of_record
SF:lib/data/models/collaboration_model.dart
DA:7,1
DA:26,1
DA:29,1
DA:30,1
DA:31,1
DA:32,1
DA:33,1
DA:34,1
DA:35,1
DA:36,1
DA:37,1
DA:38,1
DA:39,1
DA:41,2
DA:43,1
DA:44,1
DA:45,1
DA:47,0
DA:49,0
DA:50,1
DA:51,1
DA:52,1
DA:53,1
DA:54,0
DA:55,0
DA:76,1
DA:77,1
DA:78,2
DA:79,2
DA:80,2
DA:81,2
DA:82,5
DA:83,3
DA:84,2
DA:85,2
DA:86,0
DA:87,3
DA:88,4
DA:89,5
DA:90,5
DA:91,5
DA:92,5
DA:96,1
DA:97,1
DA:98,1
DA:100,0
DA:102,0
DA:104,0
DA:109,1
DA:110,1
DA:111,1
DA:112,1
DA:113,1
DA:114,1
DA:115,1
DA:116,1
DA:117,1
DA:118,1
DA:119,1
DA:120,1
DA:121,1
DA:122,1
DA:123,1
DA:124,1
DA:125,1
DA:126,1
LF:66
LH:58
end_of_record
SF:lib/data/models/message_model.dart
DA:7,1
DA:15,1
DA:19,1
DA:20,1
DA:21,1
DA:22,1
DA:24,2
DA:25,3
DA:26,1
DA:36,2
DA:37,1
DA:38,1
DA:39,1
DA:40,1
DA:41,1
DA:44,1
DA:45,1
DA:48,1
LF:18
LH:18
end_of_record
SF:lib/domain/entities/conversation_entity.dart
DA:5,4
DA:27,1
DA:28,1
DA:29,1
DA:30,1
DA:31,1
DA:32,1
DA:33,1
DA:34,1
DA:35,1
DA:36,1
DA:37,1
LF:12
LH:12
end_of_record
SF:lib/domain/entities/message_entity.dart
DA:5,2
DA:19,1
DA:20,6
LF:3
LH:3
end_of_record
SF:lib/data/models/event_model.dart
DA:7,1
DA:25,1
DA:26,1
DA:27,1
DA:28,1
DA:29,1
DA:31,0
DA:32,0
DA:33,0
DA:34,1
DA:36,1
DA:37,1
DA:39,1
DA:40,1
DA:42,1
DA:44,1
DA:46,1
DA:49,1
DA:50,1
DA:51,1
DA:52,1
DA:53,1
DA:54,1
DA:55,1
DA:57,2
DA:60,1
DA:62,1
DA:63,1
DA:64,1
DA:86,1
DA:87,1
DA:88,2
DA:89,2
DA:90,2
DA:91,2
DA:92,2
DA:93,2
DA:94,2
DA:95,2
DA:96,1
DA:97,2
DA:98,2
DA:99,2
DA:100,2
DA:101,2
DA:105,1
DA:106,1
DA:107,1
DA:109,0
DA:111,0
DA:116,1
DA:117,1
DA:118,1
DA:120,1
DA:122,0
DA:124,0
DA:129,1
DA:130,1
DA:131,1
DA:132,1
DA:133,1
DA:134,1
DA:135,1
DA:136,1
DA:137,1
DA:138,1
DA:139,1
DA:140,1
DA:141,1
DA:142,1
DA:143,1
DA:144,1
DA:145,1
LF:73
LH:66
end_of_record
SF:lib/domain/entities/planner_profile_entity.dart
DA:7,6
DA:37,1
DA:38,1
DA:39,1
DA:40,1
DA:41,1
DA:42,1
DA:43,1
DA:44,1
DA:45,1
DA:46,1
DA:47,1
DA:48,1
DA:51,3
DA:56,3
DA:57,3
DA:58,3
DA:59,3
DA:60,3
DA:61,3
DA:62,3
DA:63,1
DA:64,3
DA:65,2
DA:66,2
LF:25
LH:25
end_of_record
SF:lib/data/models/planner_profile_model.dart
DA:8,2
DA:20,2
DA:23,2
DA:24,2
DA:25,2
DA:26,2
DA:27,2
DA:28,2
DA:29,2
DA:30,2
DA:31,6
DA:32,6
DA:33,6
DA:34,2
DA:35,2
DA:36,2
DA:37,2
DA:52,2
DA:53,2
DA:54,2
DA:55,2
DA:56,2
DA:57,2
DA:58,2
DA:59,2
DA:60,2
DA:61,2
DA:62,2
DA:63,2
DA:68,2
DA:69,2
DA:70,2
DA:71,2
DA:72,2
DA:73,2
DA:74,2
DA:75,2
DA:76,2
DA:77,2
DA:78,2
LF:40
LH:40
end_of_record
SF:lib/domain/entities/entity_extensions.dart
DA:6,2
DA:8,2
DA:10,1
DA:18,1
DA:20,1
DA:22,1
DA:24,1
DA:26,1
LF:8
LH:8
end_of_record
SF:lib/data/models/profile_model.dart
DA:9,2
DA:29,1
DA:32,1
DA:33,1
DA:34,1
DA:35,1
DA:36,1
DA:37,1
DA:38,1
DA:39,3
DA:40,1
DA:41,1
DA:42,2
DA:44,1
DA:45,1
DA:46,1
DA:47,1
DA:48,1
DA:49,2
DA:50,1
DA:51,1
DA:52,3
DA:54,2
DA:55,1
DA:56,1
DA:59,2
DA:60,2
DA:61,2
DA:62,1
DA:63,1
DA:64,1
DA:65,1
DA:88,2
DA:89,2
DA:90,2
DA:91,2
DA:92,2
DA:93,2
DA:94,2
DA:95,2
DA:96,2
DA:97,2
DA:98,2
DA:99,2
DA:100,2
DA:101,2
DA:102,2
DA:103,2
DA:104,2
DA:105,2
DA:106,0
DA:111,0
DA:112,0
DA:113,0
DA:115,0
DA:122,1
DA:123,1
DA:124,1
DA:125,1
DA:126,1
DA:127,1
DA:128,1
DA:129,1
DA:130,1
DA:131,1
DA:132,1
DA:133,1
DA:134,1
DA:135,1
DA:136,1
DA:137,1
DA:138,1
DA:139,1
DA:140,1
LF:74
LH:69
end_of_record
SF:lib/domain/entities/review_entity.dart
DA:5,5
DA:37,1
DA:38,1
DA:39,1
DA:40,1
DA:41,1
DA:42,1
DA:43,1
DA:44,1
DA:45,1
DA:46,1
DA:47,1
DA:48,1
DA:49,1
DA:50,1
DA:51,1
DA:52,1
LF:17
LH:17
end_of_record
SF:lib/data/models/review_model.dart
DA:7,2
DA:24,2
DA:27,2
DA:28,2
DA:29,2
DA:30,2
DA:31,2
DA:32,2
DA:33,2
DA:34,2
DA:35,2
DA:36,2
DA:37,2
DA:38,2
DA:39,2
DA:40,2
DA:41,2
DA:42,1
DA:43,2
DA:44,6
DA:45,2
DA:46,6
DA:65,2
DA:66,2
DA:67,2
DA:68,2
DA:69,2
DA:70,2
DA:71,2
DA:72,2
DA:73,2
DA:74,2
DA:75,2
DA:76,2
DA:77,2
DA:78,2
DA:79,2
DA:80,2
LF:38
LH:38
end_of_record
SF:lib/data/models/user_model.dart
DA:8,1
DA:23,1
DA:24,1
DA:25,1
DA:26,1
DA:27,1
DA:28,1
DA:29,1
DA:30,1
DA:31,1
DA:32,1
DA:33,2
DA:34,1
DA:36,1
DA:37,1
DA:39,1
DA:40,1
DA:42,1
DA:60,1
DA:61,1
DA:62,2
DA:63,2
DA:64,2
DA:65,2
DA:66,3
DA:67,2
DA:68,2
DA:69,0
DA:71,2
DA:72,0
DA:74,2
DA:75,2
DA:76,3
DA:80,1
DA:81,1
DA:82,1
DA:83,1
DA:85,1
DA:86,1
DA:87,1
DA:88,1
DA:89,1
DA:90,1
DA:91,1
DA:92,1
DA:93,1
LF:46
LH:44
end_of_record
SF:lib/domain/entities/notification_entity.dart
DA:20,3
DA:52,1
DA:53,1
DA:54,1
DA:55,1
DA:56,1
DA:57,1
DA:58,1
DA:59,1
DA:60,1
DA:61,1
DA:62,1
DA:63,1
DA:64,1
DA:65,1
LF:15
LH:15
end_of_record
SF:lib/domain/services/event_recommendation.dart
DA:10,3
DA:11,1
DA:21,1
DA:30,1
DA:39,1
DA:51,1
DA:52,2
DA:53,2
DA:54,2
DA:55,5
DA:59,1
DA:60,4
DA:63,2
DA:64,2
DA:65,3
DA:70,1
DA:75,2
DA:76,3
DA:77,3
DA:80,5
DA:81,5
DA:83,2
DA:84,4
DA:85,2
DA:88,1
DA:89,3
DA:90,1
DA:92,3
DA:93,1
DA:94,1
DA:95,1
DA:96,2
DA:100,3
DA:101,1
LF:34
LH:34
end_of_record
SF:lib/presentation/bloc/auth/auth_event.dart
DA:4,5
DA:6,0
DA:7,0
DA:11,1
DA:15,1
DA:16,2
DA:20,0
DA:28,0
DA:29,0
DA:33,4
DA:37,0
LF:11
LH:5
end_of_record
SF:lib/presentation/bloc/auth/auth_state.dart
DA:6,5
DA:8,1
DA:9,1
DA:13,4
DA:17,4
DA:21,1
DA:25,1
DA:26,2
DA:30,4
DA:34,1
DA:38,1
DA:39,2
DA:43,1
DA:47,1
DA:48,2
LF:15
LH:15
end_of_record
SF:lib/presentation/bloc/bookings/bookings_cubit.dart
DA:15,4
DA:17,2
DA:18,6
DA:19,6
DA:20,2
DA:21,4
DA:25,2
DA:26,4
DA:29,4
DA:30,4
DA:31,4
DA:32,4
DA:33,4
DA:34,4
DA:35,4
DA:36,4
DA:37,4
DA:38,4
DA:39,4
DA:40,2
DA:41,2
DA:42,2
DA:43,2
DA:44,2
DA:46,2
DA:47,2
DA:48,0
DA:51,2
DA:52,2
DA:53,2
DA:54,2
DA:55,2
DA:56,2
DA:57,2
DA:58,0
DA:59,0
DA:60,0
DA:61,0
DA:64,2
DA:65,2
DA:66,2
DA:67,2
DA:68,0
DA:73,0
DA:74,0
DA:75,0
DA:76,0
DA:77,0
DA:79,2
DA:80,2
DA:94,0
DA:95,0
DA:97,0
DA:103,1
DA:104,3
DA:107,1
DA:108,3
LF:57
LH:43
end_of_record
SF:lib/presentation/bloc/bookings/bookings_state.dart
DA:7,6
DA:35,2
DA:51,2
DA:52,2
DA:53,2
DA:54,2
DA:55,2
DA:56,2
DA:57,2
DA:58,2
DA:59,2
DA:60,2
DA:63,0
DA:64,1
DA:65,1
LF:15
LH:14
end_of_record
SF:lib/presentation/bloc/change_email/change_email_cubit.dart
DA:11,0
DA:15,0
DA:16,0
DA:18,0
DA:21,0
DA:23,0
DA:24,0
DA:26,0
DA:27,0
LF:9
LH:0
end_of_record
SF:lib/presentation/bloc/change_email/change_email_state.dart
DA:3,4
DA:13,0
DA:18,0
DA:19,0
DA:21,0
LF:5
LH:1
end_of_record
SF:lib/presentation/bloc/change_username/change_username_cubit.dart
DA:8,1
DA:9,1
DA:10,1
DA:11,1
DA:12,2
DA:19,1
DA:20,2
DA:21,1
DA:22,2
DA:30,3
DA:31,4
DA:32,1
DA:33,2
DA:41,1
DA:42,3
DA:45,1
DA:46,2
DA:47,3
DA:48,3
DA:49,1
DA:50,1
DA:51,2
DA:54,1
DA:59,1
DA:60,1
DA:61,2
DA:64,2
DA:69,1
DA:70,1
DA:71,2
DA:74,1
DA:79,1
DA:80,1
DA:81,2
DA:89,0
DA:92,1
DA:93,8
DA:96,1
DA:98,0
DA:101,0
LF:40
LH:37
end_of_record
SF:lib/presentation/bloc/change_username/change_username_state.dart
DA:15,1
DA:35,0
DA:37,1
DA:47,1
DA:48,1
DA:50,1
DA:52,1
DA:53,1
DA:55,1
DA:56,1
DA:60,1
DA:61,1
DA:62,1
DA:63,1
DA:64,1
DA:65,1
DA:66,1
DA:67,1
DA:68,1
DA:69,1
LF:20
LH:19
end_of_record
SF:lib/presentation/bloc/chat_page/chat_page_cubit.dart
DA:8,4
DA:10,8
DA:12,4
DA:14,2
DA:21,2
DA:22,4
DA:25,0
DA:26,0
DA:27,2
DA:28,2
DA:33,1
DA:34,6
DA:37,1
DA:38,2
DA:39,3
DA:40,1
DA:41,2
DA:49,1
DA:50,1
DA:51,2
DA:58,1
DA:63,1
DA:64,0
DA:65,0
DA:66,0
DA:67,0
DA:68,0
DA:69,0
DA:70,0
DA:72,0
DA:75,0
LF:31
LH:20
end_of_record
SF:lib/presentation/bloc/chat_page/chat_page_state.dart
DA:4,6
DA:26,2
DA:40,2
DA:41,1
DA:44,2
DA:45,2
DA:48,2
DA:49,2
DA:52,2
DA:53,2
DA:55,2
DA:56,2
LF:12
LH:12
end_of_record
SF:lib/presentation/bloc/collaboration_detail/collaboration_detail_ui_cubit.dart
DA:10,2
DA:11,2
DA:12,2
DA:17,2
DA:18,8
DA:20,2
DA:21,2
DA:22,2
DA:23,2
DA:24,6
DA:27,8
DA:28,2
DA:29,0
DA:33,4
DA:34,6
DA:35,8
DA:37,4
DA:41,1
DA:42,1
DA:43,1
DA:45,2
DA:46,2
DA:47,2
DA:52,2
DA:53,6
DA:55,2
DA:56,2
DA:57,4
DA:59,2
DA:64,1
DA:65,1
DA:66,2
DA:69,1
DA:70,0
LF:34
LH:32
end_of_record
SF:lib/presentation/bloc/collaboration_detail/collaboration_detail_ui_state.dart
DA:4,5
DA:16,2
DA:22,2
DA:23,2
DA:24,2
DA:26,2
DA:28,2
LF:7
LH:7
end_of_record
SF:lib/presentation/bloc/create_event/create_event_cubit.dart
DA:13,2
DA:20,2
DA:22,1
DA:26,1
DA:27,1
DA:28,1
DA:29,1
DA:30,1
DA:31,1
DA:32,1
DA:33,1
DA:34,1
DA:35,1
DA:36,1
DA:37,1
DA:38,1
DA:39,1
DA:49,1
DA:50,3
DA:52,1
DA:53,3
DA:55,1
DA:56,3
DA:59,1
DA:63,1
DA:64,2
DA:72,1
DA:73,3
DA:75,2
DA:76,2
DA:77,4
DA:83,2
DA:84,2
DA:85,6
DA:90,1
DA:91,3
DA:93,1
DA:94,3
DA:96,2
DA:97,6
DA:99,1
DA:100,3
DA:102,1
DA:103,3
DA:105,1
DA:106,3
DA:108,1
DA:109,3
DA:111,1
DA:112,3
DA:114,1
DA:115,3
DA:118,1
DA:119,3
DA:120,1
DA:121,3
DA:125,3
DA:127,1
DA:128,1
DA:129,2
DA:130,1
DA:132,2
DA:133,3
DA:134,3
DA:135,2
DA:136,2
DA:137,3
DA:138,2
DA:139,3
DA:140,3
DA:141,3
DA:142,2
DA:143,2
DA:145,2
DA:146,3
DA:147,0
DA:148,0
DA:150,0
DA:151,0
DA:152,0
DA:154,0
DA:155,0
DA:156,0
DA:161,3
DA:164,2
DA:165,1
DA:167,2
DA:168,3
DA:169,3
DA:170,2
DA:171,2
DA:172,3
DA:173,2
DA:174,3
DA:175,3
DA:176,3
DA:177,2
DA:179,3
DA:180,0
DA:182,0
DA:183,0
DA:184,0
DA:186,0
DA:187,0
DA:188,0
DA:189,0
DA:193,2
DA:194,0
DA:195,0
DA:196,0
DA:197,0
DA:199,0
DA:201,0
DA:202,0
DA:203,0
DA:205,0
DA:206,0
DA:207,0
DA:208,0
DA:209,0
DA:211,0
DA:216,3
DA:217,1
DA:220,1
DA:221,2
DA:223,3
LF:126
LH:96
end_of_record
SF:lib/presentation/bloc/create_event/create_event_state.dart
DA:5,6
DA:47,2
DA:66,2
DA:67,2
DA:68,2
DA:69,2
DA:70,2
DA:71,2
DA:72,2
DA:73,2
DA:74,1
DA:75,2
DA:76,2
DA:77,2
DA:78,2
DA:79,2
DA:80,2
DA:81,2
DA:82,2
LF:19
LH:19
end_of_record
SF:lib/presentation/bloc/creative_dashboard/creative_dashboard_cubit.dart
DA:30,3
DA:39,3
DA:40,3
DA:52,1
DA:53,3
DA:56,1
DA:57,3
DA:58,1
DA:59,2
DA:60,1
DA:61,2
DA:62,1
DA:64,1
DA:65,2
DA:69,1
DA:70,3
DA:71,1
DA:73,1
DA:75,1
DA:77,1
DA:79,4
DA:80,2
DA:81,3
DA:84,3
DA:85,6
DA:86,0
DA:89,3
DA:90,6
DA:93,0
DA:94,0
DA:95,0
DA:96,0
DA:99,0
DA:102,1
DA:103,3
DA:109,3
DA:110,3
DA:111,6
DA:113,3
DA:115,3
DA:118,9
DA:119,6
DA:120,3
DA:121,6
DA:122,3
DA:123,3
DA:124,6
DA:125,3
DA:126,6
DA:127,3
DA:128,6
DA:129,3
DA:130,3
DA:131,3
DA:134,3
DA:135,6
DA:136,3
DA:137,6
DA:138,3
DA:139,6
DA:140,3
DA:142,3
DA:143,3
DA:145,3
DA:148,3
DA:149,3
DA:150,12
DA:152,3
DA:154,6
DA:155,0
DA:156,0
DA:157,0
DA:161,6
DA:175,3
DA:176,3
DA:177,3
DA:178,3
DA:179,3
DA:180,3
DA:181,3
DA:182,3
DA:183,3
DA:184,3
DA:185,3
DA:186,3
DA:187,3
DA:188,6
DA:191,6
DA:192,6
DA:194,3
DA:195,3
DA:197,3
DA:198,6
DA:199,0
DA:200,3
DA:201,6
DA:202,0
DA:207,3
DA:208,3
DA:209,3
DA:213,6
DA:215,3
DA:216,3
DA:217,3
DA:218,0
DA:219,0
DA:220,0
DA:221,0
DA:223,0
DA:224,0
DA:225,0
DA:226,0
DA:227,0
DA:228,0
DA:231,6
DA:234,3
DA:235,3
DA:236,0
DA:237,0
DA:238,0
DA:239,0
DA:241,0
DA:242,0
DA:243,0
DA:247,6
DA:248,6
DA:249,3
DA:251,6
DA:252,3
DA:253,3
DA:254,6
DA:265,3
DA:266,3
DA:267,3
DA:273,1
DA:274,1
DA:275,3
DA:276,0
DA:278,1
DA:279,2
DA:281,3
LF:141
LH:112
end_of_record
SF:lib/presentation/bloc/creative_dashboard/creative_dashboard_state.dart
DA:9,7
DA:55,6
DA:58,2
DA:59,2
DA:61,4
DA:62,2
DA:63,0
DA:64,0
DA:66,0
DA:68,0
DA:70,0
DA:77,3
DA:96,3
DA:97,1
DA:98,1
DA:99,3
DA:100,1
DA:101,1
DA:103,1
DA:104,1
DA:105,1
DA:106,1
DA:107,1
DA:109,1
DA:110,1
DA:111,1
DA:113,1
DA:114,1
DA:115,1
LF:29
LH:24
end_of_record
SF:lib/presentation/bloc/creative_past_work/creative_past_work_cubit.dart
DA:19,1
DA:28,1
DA:29,1
DA:41,4
DA:43,1
DA:44,3
DA:46,2
DA:47,1
DA:49,1
DA:50,1
DA:52,1
DA:53,2
DA:54,1
DA:55,2
DA:59,1
DA:61,1
DA:62,0
DA:63,0
DA:66,1
DA:67,0
DA:68,0
DA:69,0
DA:70,0
DA:71,0
DA:75,1
DA:76,1
DA:77,1
DA:80,1
DA:81,1
DA:82,1
DA:86,2
DA:87,1
DA:88,1
DA:91,1
DA:92,0
DA:94,1
DA:95,0
DA:97,1
DA:98,0
DA:101,1
DA:102,1
DA:103,1
DA:104,0
DA:105,0
DA:106,0
DA:109,1
DA:110,1
DA:111,0
DA:112,0
DA:114,0
DA:115,0
DA:116,0
DA:118,0
DA:119,0
DA:124,1
DA:125,0
DA:126,0
DA:127,0
DA:130,1
DA:132,1
DA:133,0
DA:134,0
DA:136,0
DA:137,0
DA:139,0
DA:140,0
DA:143,0
DA:144,0
DA:145,0
DA:150,1
DA:151,0
DA:152,0
DA:154,0
DA:155,0
DA:157,0
DA:158,0
DA:161,0
DA:162,0
DA:163,0
DA:168,1
DA:169,0
DA:170,0
DA:171,0
DA:174,1
DA:175,2
DA:185,1
DA:186,2
DA:188,2
DA:194,1
DA:195,1
DA:196,5
DA:200,1
DA:201,1
DA:203,2
DA:204,1
DA:208,3
DA:210,0
DA:212,1
DA:214,3
DA:216,5
LF:100
LH:55
end_of_record
SF:lib/presentation/bloc/creative_past_work/creative_past_work_state.dart
DA:6,1
DA:22,0
DA:39,6
DA:61,1
DA:71,1
DA:72,1
DA:73,1
DA:74,1
DA:75,1
DA:76,1
DA:77,1
DA:79,1
LF:12
LH:11
end_of_record
SF:lib/presentation/bloc/creative_profile/creative_profile_cubit.dart
DA:13,2
DA:20,2
DA:21,2
DA:30,2
DA:31,6
DA:33,4
DA:34,4
DA:36,4
DA:37,2
DA:38,2
DA:39,2
DA:41,4
DA:42,2
DA:43,1
DA:44,3
DA:45,3
DA:48,4
DA:50,6
DA:51,6
DA:52,2
DA:53,2
DA:54,2
DA:55,2
DA:56,4
DA:57,2
DA:58,2
DA:59,2
DA:60,4
DA:64,2
DA:70,1
DA:71,2
DA:73,3
DA:79,1
DA:80,2
DA:82,1
DA:83,2
DA:84,1
DA:85,1
DA:86,1
DA:87,1
DA:89,1
DA:90,1
DA:91,1
DA:92,1
DA:93,1
DA:94,1
DA:95,1
DA:96,1
DA:97,1
DA:98,1
DA:99,1
DA:100,1
DA:101,1
DA:102,1
DA:109,1
DA:110,2
DA:112,1
DA:113,2
DA:114,1
DA:115,1
DA:116,1
DA:117,1
DA:118,1
DA:119,1
DA:120,1
DA:121,1
DA:122,1
DA:123,1
DA:124,1
DA:125,1
DA:126,1
DA:127,1
DA:128,1
DA:129,1
DA:130,1
DA:131,1
DA:132,1
DA:139,1
DA:140,2
DA:142,1
DA:143,2
DA:144,1
DA:145,1
DA:146,1
DA:147,1
DA:148,1
DA:149,1
DA:151,1
DA:152,1
DA:153,1
DA:154,1
DA:155,1
DA:156,1
DA:157,1
DA:158,1
DA:159,1
DA:160,1
DA:161,1
DA:162,1
DA:169,1
DA:170,2
DA:172,1
DA:173,2
DA:174,1
DA:175,1
DA:176,1
DA:177,1
DA:178,1
DA:179,1
DA:181,1
DA:182,1
DA:183,1
DA:184,1
DA:185,1
DA:186,1
DA:187,1
DA:188,1
DA:189,1
DA:190,1
DA:191,1
DA:192,1
DA:199,1
DA:200,2
DA:202,1
DA:203,2
DA:204,1
DA:205,1
DA:206,1
DA:207,1
DA:208,1
DA:209,1
DA:210,1
DA:212,1
DA:213,1
DA:214,1
DA:215,1
DA:216,1
DA:217,1
DA:218,1
DA:219,1
DA:220,1
DA:221,1
DA:222,1
DA:229,1
DA:230,2
DA:232,1
DA:233,2
DA:234,1
DA:235,1
DA:236,1
DA:237,1
DA:238,1
DA:239,1
DA:240,1
DA:241,1
DA:242,1
DA:243,1
DA:245,1
DA:246,1
DA:247,1
DA:248,1
DA:249,1
DA:250,1
DA:251,1
DA:252,1
DA:259,1
DA:260,2
DA:262,1
DA:263,2
DA:264,1
DA:265,1
DA:266,1
DA:267,1
DA:268,1
DA:269,1
DA:270,1
DA:271,1
DA:273,1
DA:274,1
DA:275,1
DA:276,1
DA:277,1
DA:278,1
DA:279,1
DA:280,1
DA:281,1
DA:282,1
DA:289,1
DA:290,2
DA:292,1
DA:293,2
DA:294,1
DA:295,1
DA:296,1
DA:297,1
DA:298,1
DA:299,1
DA:300,1
DA:301,1
DA:302,1
DA:304,1
DA:305,1
DA:306,1
DA:307,1
DA:308,1
DA:309,1
DA:310,1
DA:311,1
DA:312,1
DA:319,1
DA:320,2
DA:322,1
DA:323,2
DA:324,1
DA:325,1
DA:326,1
DA:327,1
DA:328,1
DA:329,1
DA:330,1
DA:331,1
DA:332,1
DA:333,1
DA:334,1
DA:336,1
DA:337,1
DA:338,1
DA:339,1
DA:340,1
DA:341,1
DA:342,1
DA:349,1
DA:350,2
DA:352,1
DA:353,2
DA:354,1
DA:355,1
DA:356,1
DA:357,1
DA:358,1
DA:359,1
DA:360,1
DA:361,1
DA:362,1
DA:363,1
DA:364,1
DA:365,1
DA:367,1
DA:368,1
DA:369,1
DA:370,1
DA:371,1
DA:372,1
DA:380,3
DA:382,1
DA:383,2
DA:385,2
DA:386,1
DA:387,1
DA:388,1
DA:389,1
DA:390,1
DA:391,1
DA:392,1
DA:393,1
DA:394,1
DA:395,1
DA:396,1
DA:397,1
DA:398,1
DA:399,1
DA:400,1
DA:401,1
DA:402,1
DA:404,1
DA:405,1
DA:407,3
DA:409,2
DA:410,3
DA:412,2
DA:413,1
DA:414,1
DA:415,1
DA:416,1
DA:417,1
DA:419,1
DA:420,1
DA:421,1
DA:422,1
DA:423,1
DA:424,1
DA:425,1
DA:429,3
DA:431,1
DA:432,2
DA:434,3
LF:296
LH:296
end_of_record
SF:lib/presentation/bloc/creative_profile/creative_profile_state.dart
DA:7,7
DA:29,2
DA:39,2
DA:40,2
DA:41,2
DA:42,2
DA:43,2
DA:44,2
DA:45,1
DA:46,2
LF:10
LH:10
end_of_record
SF:lib/presentation/bloc/event_applicants/event_applicants_cubit.dart
DA:16,2
DA:17,4
DA:18,2
DA:21,2
DA:22,2
DA:23,4
DA:32,10
DA:34,3
DA:37,6
DA:38,4
DA:40,6
DA:41,4
DA:43,4
DA:44,6
DA:45,4
DA:46,6
DA:47,8
DA:48,2
DA:49,3
DA:50,4
DA:51,2
DA:53,6
DA:54,1
DA:55,1
DA:56,0
DA:57,0
DA:58,0
DA:60,1
DA:61,2
DA:70,1
DA:71,3
DA:73,1
DA:74,2
DA:76,3
DA:82,1
DA:83,3
DA:86,1
DA:87,3
DA:90,0
DA:91,0
DA:94,0
DA:95,0
DA:98,0
DA:99,0
DA:102,0
DA:103,0
DA:106,1
DA:107,3
DA:108,1
DA:109,3
DA:116,1
DA:120,1
DA:122,2
DA:123,2
DA:124,0
DA:125,0
DA:126,0
DA:129,1
DA:130,0
DA:131,0
DA:132,0
DA:133,0
DA:135,0
DA:136,0
DA:138,0
LF:65
LH:44
end_of_record
SF:lib/presentation/bloc/event_applicants/event_applicants_state.dart
DA:6,2
DA:30,2
DA:45,2
DA:46,2
DA:47,2
DA:48,2
DA:49,2
DA:50,1
DA:51,1
DA:54,2
DA:57,2
DA:60,2
DA:62,2
LF:13
LH:13
end_of_record
SF:lib/presentation/bloc/event_detail/event_detail_cubit.dart
DA:15,2
DA:23,2
DA:24,2
DA:35,2
DA:36,6
DA:38,6
DA:40,3
DA:44,2
DA:45,4
DA:46,2
DA:47,4
DA:48,2
DA:53,6
DA:58,4
DA:59,2
DA:64,2
DA:65,2
DA:66,1
DA:67,1
DA:69,1
DA:70,2
DA:71,1
DA:72,0
DA:76,2
DA:77,4
DA:90,1
DA:91,2
DA:93,3
DA:99,0
DA:100,0
DA:101,0
DA:103,0
DA:105,0
DA:106,0
DA:107,0
DA:108,0
DA:110,0
DA:111,0
DA:112,0
DA:113,0
DA:114,0
DA:117,0
DA:118,0
DA:127,0
DA:128,0
DA:129,0
DA:130,0
DA:131,0
DA:132,0
DA:133,0
DA:134,0
DA:135,0
DA:136,0
DA:141,0
DA:142,0
DA:144,0
DA:150,2
DA:153,2
DA:154,6
DA:156,2
DA:157,2
DA:159,0
DA:161,1
DA:167,0
DA:169,0
DA:170,0
DA:171,0
DA:172,0
DA:173,0
LF:69
LH:33
end_of_record
SF:lib/presentation/bloc/event_detail/event_detail_state.dart
DA:7,5
DA:33,2
DA:45,2
DA:46,2
DA:47,2
DA:48,2
DA:49,2
DA:50,2
DA:51,2
DA:52,2
DA:53,0
DA:55,2
LF:12
LH:11
end_of_record
SF:lib/presentation/bloc/following/following_page_cubit.dart
DA:7,4
DA:9,2
DA:10,6
DA:13,2
DA:14,4
DA:17,2
DA:18,6
LF:7
LH:7
end_of_record
SF:lib/presentation/bloc/following/following_page_state.dart
DA:4,6
DA:14,2
DA:20,2
DA:21,2
DA:22,0
DA:23,0
LF:6
LH:4
end_of_record
SF:lib/presentation/bloc/location_picker/location_picker_cubit.dart
DA:7,0
DA:8,0
DA:10,0
DA:11,0
DA:12,0
DA:16,0
DA:17,0
LF:7
LH:0
end_of_record
SF:lib/presentation/bloc/location_picker/location_picker_state.dart
DA:4,0
DA:14,0
DA:20,0
DA:21,0
DA:22,0
DA:23,0
LF:6
LH:0
end_of_record
SF:lib/presentation/bloc/login_form/login_form_cubit.dart
DA:6,4
DA:7,8
DA:9,2
DA:10,6
LF:4
LH:4
end_of_record
SF:lib/presentation/bloc/login_form/login_form_state.dart
DA:4,4
DA:8,2
DA:9,2
DA:12,2
DA:13,4
LF:5
LH:5
end_of_record
SF:lib/presentation/bloc/messages/messages_page_cubit.dart
DA:6,4
DA:8,2
DA:9,6
DA:12,2
DA:13,6
DA:16,1
DA:17,6
LF:7
LH:7
end_of_record
SF:lib/presentation/bloc/messages/messages_page_state.dart
DA:4,6
DA:14,2
DA:19,2
DA:20,2
DA:21,2
DA:22,2
LF:6
LH:6
end_of_record
SF:lib/presentation/bloc/my_events/my_events_cubit.dart
DA:18,1
DA:23,1
DA:24,1
DA:36,1
DA:37,1
DA:38,1
DA:39,2
DA:40,2
DA:41,3
DA:43,2
DA:44,2
DA:45,1
DA:46,1
DA:47,1
DA:48,1
DA:50,0
DA:51,0
DA:53,0
DA:58,2
DA:59,2
DA:60,1
DA:61,1
DA:62,1
DA:63,1
DA:65,0
DA:66,0
DA:68,0
DA:74,1
DA:75,1
DA:76,1
DA:77,0
DA:78,0
DA:80,1
DA:81,2
DA:82,1
DA:91,0
DA:92,0
DA:98,0
DA:100,0
DA:101,0
DA:102,0
DA:106,0
DA:107,0
DA:109,0
DA:110,0
DA:116,0
DA:118,0
DA:119,0
DA:120,0
DA:122,0
DA:123,0
DA:124,0
DA:125,0
DA:131,0
DA:132,0
DA:138,0
DA:140,0
DA:142,0
DA:143,0
DA:149,1
DA:151,2
DA:152,2
DA:153,1
LF:63
LH:31
end_of_record
SF:lib/presentation/bloc/my_events/my_events_state.dart
DA:5,5
DA:17,1
DA:23,1
DA:24,1
DA:26,1
DA:27,0
LF:6
LH:5
end_of_record
SF:lib/presentation/bloc/my_events/planner_collaborations_tab_cubit.dart
DA:10,1
DA:13,1
DA:18,1
DA:19,3
DA:21,1
DA:22,1
DA:23,3
DA:24,1
DA:25,1
DA:26,0
DA:27,1
DA:28,1
DA:29,1
DA:30,0
DA:31,0
DA:32,0
DA:34,1
DA:35,1
DA:44,0
DA:45,0
DA:47,0
LF:21
LH:14
end_of_record
SF:lib/presentation/bloc/my_events/planner_collaborations_tab_state.dart
DA:4,5
DA:18,1
DA:26,1
DA:27,1
DA:28,1
DA:29,1
DA:30,0
DA:31,0
LF:8
LH:6
end_of_record
SF:lib/presentation/bloc/notifications/notifications_cubit.dart
DA:16,2
DA:17,2
DA:18,2
DA:32,2
DA:33,3
DA:34,3
DA:35,2
DA:36,4
DA:37,2
DA:40,4
DA:41,6
DA:42,2
DA:43,2
DA:44,2
DA:45,2
DA:47,1
DA:48,2
DA:49,1
DA:50,2
DA:52,3
DA:58,4
DA:59,4
DA:60,2
DA:61,2
DA:62,2
DA:63,2
DA:65,1
DA:66,2
DA:67,1
DA:68,2
DA:70,3
DA:77,2
DA:78,4
DA:79,1
DA:80,1
DA:81,1
DA:82,2
DA:83,1
DA:84,1
DA:91,4
DA:92,6
DA:93,2
DA:94,2
DA:95,2
DA:96,4
DA:97,2
DA:98,2
DA:108,1
DA:109,1
DA:113,0
DA:114,0
DA:118,0
DA:119,0
DA:120,0
DA:121,0
DA:124,2
DA:126,3
DA:127,4
DA:128,4
DA:129,2
LF:60
LH:54
end_of_record
SF:lib/presentation/bloc/notifications/notifications_state.dart
DA:5,6
DA:20,0
DA:22,2
DA:28,2
DA:29,1
DA:30,1
DA:31,0
LF:7
LH:5
end_of_record
SF:lib/presentation/bloc/onboarding/onboarding_state.dart
DA:5,0
DA:13,0
DA:14,0
DA:15,0
DA:16,0
DA:20,0
DA:21,0
LF:7
LH:0
end_of_record
SF:lib/presentation/bloc/onboarding/profile_setup_cubit.dart
DA:18,2
DA:26,4
DA:27,2
DA:37,2
DA:39,1
DA:42,2
DA:43,8
DA:47,4
DA:49,2
DA:50,2
DA:60,1
DA:61,4
DA:62,2
DA:64,5
DA:65,1
DA:66,1
DA:67,2
DA:74,3
DA:76,4
DA:77,1
DA:78,2
DA:86,3
DA:87,0
DA:88,0
DA:90,3
DA:91,1
DA:92,2
DA:93,1
DA:103,2
DA:104,2
DA:111,4
DA:113,4
DA:115,4
DA:117,1
DA:118,3
DA:120,4
DA:122,1
DA:123,2
DA:124,2
DA:127,1
DA:128,5
DA:129,3
DA:132,3
DA:134,4
DA:135,4
DA:136,1
DA:137,2
DA:138,2
DA:139,2
DA:141,3
DA:142,0
DA:145,2
DA:147,2
DA:149,1
DA:151,2
DA:153,2
DA:154,2
DA:155,2
DA:156,2
DA:157,3
DA:158,0
DA:161,2
DA:163,3
DA:165,3
DA:166,1
DA:167,2
DA:169,1
LF:67
LH:63
end_of_record
SF:lib/presentation/bloc/onboarding/profile_setup_state.dart
DA:8,3
DA:24,2
DA:53,2
DA:71,2
DA:72,2
DA:73,2
DA:74,2
DA:75,2
DA:78,2
DA:79,1
DA:80,2
DA:81,2
DA:82,2
DA:83,2
DA:84,1
DA:86,2
DA:90,2
DA:91,2
DA:92,2
DA:93,2
DA:94,2
DA:95,2
DA:96,2
DA:97,2
DA:98,2
DA:99,2
DA:100,2
DA:101,2
DA:102,2
DA:103,2
DA:104,2
LF:31
LH:31
end_of_record
SF:lib/presentation/bloc/onboarding/profile_setup_flow_cubit.dart
DA:5,1
DA:7,0
DA:8,0
DA:9,0
DA:10,0
LF:5
LH:1
end_of_record
SF:lib/presentation/bloc/onboarding/username_step_cubit.dart
DA:7,4
DA:11,1
DA:12,4
DA:15,1
DA:16,1
DA:17,2
DA:18,1
DA:19,2
DA:20,2
LF:9
LH:9
end_of_record
SF:lib/presentation/bloc/onboarding/username_step_state.dart
DA:2,5
LF:1
LH:1
end_of_record
SF:lib/presentation/bloc/planner_dashboard/planner_dashboard_cubit.dart
DA:22,3
DA:28,3
DA:29,3
DA:55,3
DA:56,6
DA:57,6
DA:58,0
DA:59,0
DA:62,1
DA:67,1
DA:68,1
DA:69,0
DA:70,0
DA:71,0
DA:72,0
DA:73,1
DA:74,0
DA:75,1
DA:79,3
DA:80,4
DA:81,4
DA:82,4
DA:83,4
DA:84,4
DA:85,3
DA:86,3
DA:87,6
DA:88,6
DA:89,6
DA:90,6
DA:91,6
DA:92,6
DA:94,6
DA:95,0
DA:96,0
DA:97,0
DA:101,6
DA:102,6
DA:103,3
DA:104,3
DA:105,3
DA:106,3
DA:108,1
DA:109,1
DA:110,1
DA:111,1
DA:112,2
DA:114,3
DA:120,6
DA:121,6
DA:122,3
DA:123,3
DA:124,3
DA:125,3
DA:127,1
DA:128,1
DA:129,1
DA:130,1
DA:131,2
DA:133,3
DA:139,6
DA:140,6
DA:141,3
DA:142,3
DA:143,3
DA:144,3
DA:146,0
DA:147,0
DA:148,0
DA:149,0
DA:150,0
DA:152,0
DA:158,6
DA:159,6
DA:160,3
DA:161,3
DA:162,3
DA:163,3
DA:165,0
DA:166,0
DA:167,0
DA:168,0
DA:169,0
DA:171,0
DA:177,6
DA:178,6
DA:179,3
DA:180,3
DA:181,3
DA:182,3
DA:184,0
DA:185,0
DA:186,0
DA:187,0
DA:188,0
DA:190,0
DA:197,3
DA:198,6
DA:199,6
DA:200,6
DA:201,6
DA:202,6
DA:204,6
DA:206,8
DA:207,3
DA:208,4
DA:209,2
DA:210,3
DA:214,3
DA:215,3
DA:217,3
DA:223,3
DA:225,4
DA:226,2
DA:227,1
DA:228,1
DA:231,1
DA:235,3
DA:236,0
DA:237,0
DA:238,0
DA:239,0
DA:242,0
DA:246,3
DA:247,0
DA:248,0
DA:249,0
DA:250,0
DA:253,0
DA:257,3
DA:258,0
DA:259,0
DA:260,0
DA:263,0
DA:270,3
DA:271,6
DA:273,11
DA:274,3
DA:275,3
DA:276,2
DA:278,3
DA:279,4
DA:281,2
DA:283,1
DA:284,0
DA:285,0
DA:287,2
DA:288,1
DA:290,1
DA:291,1
DA:293,1
DA:301,6
DA:302,6
DA:303,3
DA:304,3
DA:305,3
DA:306,6
DA:308,3
DA:309,3
DA:319,1
DA:320,1
DA:324,3
DA:325,6
DA:328,3
DA:330,3
DA:331,6
DA:332,6
DA:333,6
DA:334,6
DA:335,6
DA:336,3
LF:171
LH:127
end_of_record
SF:lib/presentation/bloc/planner_dashboard/planner_dashboard_state.dart
DA:20,1
DA:37,7
DA:59,3
DA:69,3
DA:70,1
DA:71,1
DA:72,1
DA:73,1
DA:74,1
DA:76,1
DA:77,0
LF:11
LH:10
end_of_record
SF:lib/presentation/bloc/planner_profile/planner_profile_cubit.dart
DA:18,2
DA:29,2
DA:30,2
DA:42,2
DA:43,6
DA:45,4
DA:47,4
DA:48,1
DA:49,4
DA:50,2
DA:51,1
DA:52,3
DA:53,1
DA:54,2
DA:57,4
DA:58,2
DA:59,8
DA:61,2
DA:62,1
DA:63,2
DA:64,3
DA:66,2
DA:68,2
DA:69,1
DA:70,2
DA:71,3
DA:73,2
DA:75,2
DA:76,2
DA:77,2
DA:78,2
DA:82,2
DA:83,2
DA:87,2
DA:88,4
DA:89,4
DA:90,4
DA:91,2
DA:92,2
DA:93,3
DA:94,2
DA:95,1
DA:98,2
DA:99,4
DA:100,2
DA:101,2
DA:102,6
DA:104,2
DA:105,4
DA:117,1
DA:118,2
DA:120,3
DA:126,1
DA:127,2
DA:129,1
DA:130,2
DA:131,1
DA:132,1
DA:134,1
DA:135,1
DA:136,1
DA:137,1
DA:138,1
DA:139,1
DA:146,1
DA:147,2
DA:149,1
DA:150,2
DA:151,1
DA:152,1
DA:153,1
DA:154,1
DA:155,1
DA:156,1
DA:157,1
DA:158,1
DA:159,1
DA:166,1
DA:167,2
DA:169,1
DA:170,2
DA:171,1
DA:172,1
DA:173,1
DA:175,1
DA:176,1
DA:177,1
DA:178,1
DA:179,1
DA:186,1
DA:187,2
DA:189,1
DA:190,2
DA:191,1
DA:192,1
DA:193,1
DA:194,1
DA:196,1
DA:197,1
DA:198,1
DA:199,1
DA:206,1
DA:207,2
DA:209,1
DA:210,2
DA:211,1
DA:212,1
DA:213,1
DA:214,1
DA:215,1
DA:217,1
DA:218,1
DA:219,1
DA:226,1
DA:227,2
DA:229,1
DA:230,2
DA:231,1
DA:232,1
DA:233,1
DA:234,1
DA:235,1
DA:236,1
DA:238,1
DA:239,1
DA:246,1
DA:247,2
DA:249,1
DA:250,2
DA:251,1
DA:252,1
DA:253,1
DA:254,1
DA:255,1
DA:256,1
DA:257,1
DA:258,1
DA:259,4
DA:266,1
DA:267,2
DA:269,2
DA:270,1
DA:271,1
DA:272,1
DA:273,1
DA:274,1
DA:275,1
DA:276,1
DA:277,1
DA:279,1
DA:280,1
DA:281,1
DA:283,3
DA:285,2
DA:286,2
DA:288,2
DA:289,1
DA:290,1
DA:291,1
DA:292,1
DA:293,1
DA:295,1
DA:296,1
DA:297,1
DA:298,1
DA:299,1
DA:300,1
DA:301,1
DA:305,3
DA:307,1
DA:308,2
DA:310,3
DA:317,3
DA:320,1
DA:321,1
DA:322,1
DA:323,1
DA:324,1
DA:325,1
DA:326,1
DA:327,1
DA:328,1
DA:329,1
DA:330,1
DA:331,1
DA:332,1
DA:333,1
DA:334,1
DA:336,1
DA:339,2
DA:340,2
DA:342,1
DA:343,5
LF:193
LH:193
end_of_record
SF:lib/presentation/bloc/planner_profile/planner_profile_state.dart
DA:8,7
DA:34,2
DA:46,2
DA:47,2
DA:48,2
DA:49,2
DA:50,2
DA:51,2
DA:52,2
DA:54,2
DA:55,1
DA:56,2
LF:12
LH:12
end_of_record
SF:lib/presentation/bloc/profile_photo_upload/profile_photo_upload_cubit.dart
DA:5,4
DA:7,0
LF:2
LH:1
end_of_record
SF:lib/presentation/bloc/profile_reviews/profile_reviews_cubit.dart
DA:10,1
DA:15,2
DA:16,1
DA:24,1
DA:25,3
DA:27,2
DA:28,1
DA:31,3
DA:32,3
DA:33,1
DA:34,1
DA:35,1
DA:36,1
DA:37,2
DA:38,1
DA:39,2
DA:46,1
DA:47,2
DA:49,3
DA:55,1
DA:57,2
DA:58,1
DA:60,0
DA:61,0
DA:66,1
DA:68,3
DA:69,1
DA:71,0
DA:72,0
DA:77,1
DA:79,3
DA:80,1
DA:82,0
DA:83,0
LF:34
LH:28
end_of_record
SF:lib/presentation/bloc/profile_reviews/profile_reviews_state.dart
DA:6,2
DA:22,1
DA:28,1
DA:29,1
DA:30,1
DA:31,1
DA:32,0
LF:7
LH:6
end_of_record
SF:lib/presentation/bloc/profiles/profiles_bloc.dart
DA:13,2
DA:19,2
DA:20,4
DA:21,4
DA:22,4
DA:23,4
DA:24,4
DA:34,2
DA:38,2
DA:39,2
DA:40,4
DA:42,4
DA:43,2
DA:44,2
DA:45,2
DA:46,2
DA:47,2
DA:49,2
DA:50,6
DA:51,0
DA:53,4
DA:54,0
DA:55,0
DA:56,0
DA:57,0
DA:58,0
DA:59,0
DA:65,0
DA:69,2
DA:73,4
DA:74,2
DA:75,10
DA:78,0
DA:79,0
DA:80,0
DA:81,0
DA:84,1
DA:88,1
DA:89,1
DA:90,2
DA:91,2
DA:92,1
DA:93,2
DA:98,0
DA:102,0
DA:103,0
DA:107,2
DA:109,2
DA:110,4
DA:111,2
DA:118,2
DA:125,0
DA:132,2
DA:137,2
DA:142,0
LF:55
LH:38
end_of_record
SF:lib/presentation/bloc/profiles/profiles_state.dart
DA:4,1
DA:11,4
DA:17,0
DA:21,2
DA:25,0
DA:36,2
DA:37,7
DA:38,6
DA:39,5
DA:40,2
DA:41,2
DA:42,2
DA:43,2
LF:13
LH:11
end_of_record
SF:lib/presentation/bloc/role_selection/role_selection_cubit.dart
DA:8,1
DA:9,1
DA:13,1
DA:14,2
DA:17,1
DA:18,2
DA:20,1
DA:21,1
DA:22,1
DA:23,1
DA:24,1
DA:25,1
DA:26,1
DA:29,2
DA:30,2
DA:32,1
DA:33,1
DA:34,1
DA:35,2
LF:19
LH:19
end_of_record
SF:lib/presentation/bloc/role_selection/role_selection_state.dart
DA:6,0
DA:14,5
DA:20,1
DA:26,2
DA:31,1
LF:5
LH:4
end_of_record
SF:lib/presentation/bloc/settings/settings_state.dart
DA:7,3
DA:23,2
DA:31,2
DA:32,2
DA:33,2
DA:34,2
DA:35,2
DA:36,2
DA:37,2
LF:9
LH:9
end_of_record
SF:lib/presentation/bloc/unread_notifications/unread_notifications_cubit.dart
DA:12,2
DA:16,2
DA:17,2
DA:30,2
DA:31,2
DA:32,2
DA:34,4
DA:35,6
DA:36,2
DA:37,2
DA:38,2
DA:39,2
DA:41,0
DA:42,0
DA:46,4
DA:47,4
DA:48,4
DA:49,2
DA:50,2
DA:54,2
DA:55,2
DA:56,2
DA:57,2
DA:58,4
DA:61,2
DA:63,4
DA:64,4
DA:65,2
LF:28
LH:26
end_of_record
SF:lib/presentation/bloc/unread_notifications/unread_notifications_state.dart
DA:3,6
LF:1
LH:1
end_of_record
SF:lib/presentation/widgets/atoms/app_button.dart
DA:8,7
DA:19,7
DA:21,21
DA:22,7
DA:25,7
DA:26,14
DA:27,7
DA:31,7
DA:32,1
DA:36,1
DA:41,14
LF:11
LH:11
end_of_record
SF:lib/presentation/widgets/atoms/app_text_field.dart
DA:7,2
DA:28,2
DA:30,2
DA:33,2
DA:34,2
DA:35,2
DA:36,2
DA:37,2
DA:38,2
DA:39,2
DA:40,2
DA:41,2
DA:42,2
LF:13
LH:13
end_of_record
SF:lib/presentation/widgets/atoms/auth_sign_illustration.dart
DA:7,4
DA:9,3
DA:11,9
DA:15,3
DA:16,3
DA:17,3
DA:19,3
DA:20,3
LF:8
LH:8
end_of_record
SF:lib/presentation/widgets/atoms/glass_card.dart
DA:12,22
DA:29,22
DA:31,44
DA:34,22
DA:36,44
DA:37,66
DA:39,22
DA:40,22
DA:43,22
DA:44,22
DA:45,22
DA:46,22
DA:47,22
DA:51,0
DA:53,0
DA:54,0
DA:55,0
DA:56,0
DA:58,0
DA:59,0
DA:60,0
DA:63,0
DA:64,0
DA:65,0
DA:66,0
DA:68,0
DA:69,0
DA:70,0
DA:77,0
DA:78,0
DA:79,0
DA:80,0
DA:81,0
DA:82,0
DA:89,0
DA:90,0
DA:91,0
DA:92,0
DA:97,0
DA:100,0
DA:101,0
DA:102,0
DA:112,3
DA:118,3
DA:120,3
DA:127,3
DA:130,3
DA:138,22
DA:156,22
DA:158,22
DA:159,57
DA:160,8
DA:162,22
DA:163,22
DA:164,22
DA:165,22
DA:166,22
DA:167,22
DA:168,22
DA:169,0
DA:170,66
DA:171,44
DA:173,22
DA:174,22
DA:175,66
DA:179,44
LF:66
LH:36
end_of_record
SF:lib/presentation/widgets/atoms/google_sign_in_button.dart
DA:11,3
DA:22,3
DA:24,6
DA:25,9
DA:26,3
DA:29,3
DA:30,6
DA:31,3
DA:34,3
DA:37,6
DA:38,3
DA:41,6
DA:44,3
DA:45,0
DA:48,0
DA:53,3
DA:56,3
DA:57,3
DA:63,3
DA:64,3
DA:65,3
LF:21
LH:19
end_of_record
SF:lib/presentation/widgets/molecules/app_detail_chip.dart
DA:8,0
DA:25,0
DA:27,0
DA:28,0
DA:29,0
DA:30,0
DA:31,0
DA:32,0
DA:33,0
DA:37,0
DA:39,0
DA:40,0
DA:42,0
DA:43,0
DA:44,0
DA:45,0
DA:46,0
DA:47,0
LF:18
LH:0
end_of_record
SF:lib/presentation/widgets/molecules/connection_error_overlay.dart
DA:11,9
DA:26,9
DA:27,9
DA:33,4
DA:35,4
DA:36,8
DA:37,0
DA:38,0
DA:39,0
DA:40,0
DA:41,0
DA:42,0
DA:43,0
DA:44,0
DA:52,9
DA:54,27
DA:55,9
DA:56,18
DA:60,2
DA:62,1
DA:64,9
DA:65,9
DA:66,18
DA:67,30
DA:68,4
DA:69,16
DA:71,4
DA:73,8
LF:28
LH:20
end_of_record
SF:lib/presentation/widgets/molecules/empty_state_illustrated.dart
DA:7,4
DA:30,4
DA:32,4
DA:33,8
DA:34,4
DA:36,4
DA:37,4
DA:39,4
DA:41,4
DA:42,4
DA:43,4
DA:44,4
DA:47,4
DA:48,4
DA:49,12
DA:55,4
DA:56,4
DA:57,12
DA:58,8
DA:63,4
DA:64,4
DA:65,4
DA:66,8
DA:68,4
DA:70,0
DA:71,0
DA:72,0
LF:27
LH:24
end_of_record
SF:lib/presentation/widgets/molecules/skeleton_loaders.dart
DA:9,4
DA:11,3
DA:13,3
DA:16,3
DA:20,3
DA:23,3
DA:24,3
DA:31,3
DA:33,3
DA:35,3
DA:36,3
DA:38,3
DA:39,3
DA:40,3
DA:43,3
DA:46,6
DA:50,3
DA:51,3
DA:52,3
DA:55,3
DA:58,6
DA:62,3
DA:63,3
DA:64,3
DA:67,3
DA:70,3
DA:86,4
DA:91,2
DA:93,2
DA:96,2
DA:98,2
DA:99,2
DA:102,4
DA:105,2
DA:106,2
DA:109,2
DA:110,2
DA:112,2
DA:114,2
DA:116,2
DA:117,2
DA:118,2
DA:121,2
DA:124,4
DA:131,2
DA:134,2
DA:145,0
DA:150,1
DA:152,1
DA:154,1
DA:156,1
DA:157,1
DA:160,2
DA:163,1
DA:164,1
DA:167,1
DA:168,1
DA:170,1
DA:172,1
DA:173,1
DA:174,1
DA:177,1
DA:180,2
DA:184,1
DA:185,1
DA:186,1
DA:189,1
DA:192,2
DA:206,4
DA:211,2
DA:213,2
DA:214,2
DA:216,2
DA:218,2
DA:219,2
DA:222,4
DA:225,2
DA:226,2
DA:229,2
DA:230,2
DA:232,2
DA:234,2
DA:235,2
DA:236,2
DA:239,2
DA:242,2
DA:244,2
DA:248,2
DA:249,2
DA:250,2
DA:253,2
DA:256,4
DA:260,2
DA:274,4
DA:276,2
DA:278,2
DA:279,2
DA:281,2
DA:282,2
DA:289,2
DA:291,2
DA:293,2
DA:294,2
DA:296,2
DA:298,2
DA:299,2
DA:300,2
DA:303,2
DA:306,4
DA:321,4
DA:325,2
DA:327,2
DA:330,2
DA:332,2
DA:333,2
DA:336,2
DA:339,2
DA:340,2
DA:343,2
DA:344,2
DA:346,2
DA:348,2
DA:350,2
DA:351,2
DA:352,2
DA:355,2
DA:372,5
DA:378,3
DA:380,3
DA:381,3
DA:383,3
DA:385,3
DA:386,3
DA:388,3
DA:395,3
DA:396,3
DA:398,3
DA:399,3
DA:400,3
DA:401,3
DA:403,3
DA:406,3
DA:413,3
DA:420,3
DA:422,3
DA:424,3
DA:427,3
DA:428,3
DA:431,3
DA:433,3
DA:436,3
DA:441,3
DA:444,12
DA:447,3
DA:449,3
DA:450,3
DA:451,3
DA:453,3
DA:454,3
DA:457,3
DA:460,3
DA:463,3
DA:477,4
DA:479,2
DA:481,2
DA:484,2
DA:485,2
DA:492,2
DA:493,2
DA:496,2
DA:497,2
DA:499,2
DA:504,2
DA:507,2
DA:508,2
DA:510,2
DA:513,2
DA:525,4
DA:527,2
DA:529,2
DA:533,2
DA:534,4
DA:535,2
DA:537,2
DA:540,2
DA:551,4
DA:557,2
DA:559,2
DA:560,2
DA:561,2
DA:563,2
DA:564,2
DA:571,2
DA:572,2
DA:575,2
DA:576,2
DA:578,2
DA:583,2
DA:587,2
DA:588,2
DA:589,2
DA:591,2
DA:593,2
DA:594,2
DA:596,4
DA:598,2
DA:608,4
DA:610,2
DA:612,2
DA:615,2
DA:617,2
DA:619,2
DA:620,2
DA:621,2
DA:622,2
DA:624,2
DA:625,2
DA:627,2
DA:641,2
DA:643,2
DA:645,2
DA:647,2
DA:649,2
DA:652,2
DA:653,2
DA:657,2
DA:672,2
DA:674,2
DA:676,2
DA:679,2
DA:680,2
DA:681,2
DA:682,2
DA:685,2
DA:686,2
DA:688,2
DA:692,2
DA:695,2
DA:706,2
DA:708,2
DA:710,4
DA:711,2
DA:714,2
DA:715,2
DA:716,4
DA:717,2
DA:721,4
DA:723,4
DA:724,2
DA:728,4
DA:730,4
DA:738,2
DA:740,2
DA:742,2
DA:744,2
DA:747,2
DA:748,2
DA:751,2
DA:754,2
DA:756,2
DA:764,4
DA:766,2
DA:768,2
DA:770,2
DA:771,2
DA:774,2
DA:777,2
DA:778,2
DA:780,2
DA:781,2
DA:783,2
DA:794,4
DA:796,2
DA:798,2
DA:801,2
DA:803,2
DA:805,2
DA:807,2
DA:808,2
DA:809,2
DA:811,2
DA:812,2
DA:814,2
DA:828,2
DA:831,2
DA:832,2
DA:833,2
DA:834,2
DA:837,2
DA:838,2
DA:840,2
DA:844,2
DA:847,2
DA:853,2
DA:855,2
DA:857,2
DA:859,2
DA:862,2
DA:863,2
DA:867,2
DA:869,2
DA:871,2
DA:874,2
DA:875,2
DA:879,2
DA:881,2
DA:883,2
DA:886,2
DA:887,2
DA:899,4
DA:901,2
DA:921,4
DA:923,2
DA:925,2
DA:929,2
DA:931,2
DA:933,2
DA:935,2
DA:937,2
DA:942,2
DA:946,2
DA:948,2
DA:950,2
DA:951,2
DA:955,2
DA:956,2
DA:959,2
DA:962,2
DA:963,2
DA:965,2
DA:966,2
DA:971,2
DA:982,4
DA:984,2
DA:986,2
DA:988,2
DA:990,2
DA:999,2
DA:1000,2
DA:1002,2
DA:1003,2
DA:1005,2
DA:1023,5
DA:1025,2
DA:1027,2
DA:1029,2
DA:1030,2
DA:1031,2
DA:1033,2
DA:1035,2
DA:1037,2
DA:1039,2
DA:1040,2
DA:1042,2
DA:1044,2
DA:1046,2
DA:1047,2
DA:1050,2
DA:1053,2
DA:1054,2
DA:1056,2
DA:1057,2
DA:1059,2
DA:1066,2
DA:1068,2
DA:1069,2
DA:1072,2
DA:1075,2
DA:1076,2
DA:1078,2
DA:1079,2
DA:1081,2
DA:1085,2
DA:1088,2
DA:1093,2
DA:1095,2
DA:1096,2
DA:1103,2
DA:1104,2
DA:1106,2
DA:1107,2
DA:1109,2
DA:1113,2
DA:1116,2
DA:1123,2
DA:1125,2
DA:1127,2
DA:1129,2
LF:388
LH:387
end_of_record
SF:lib/presentation/widgets/molecules/profile_avatar.dart
DA:9,7
DA:22,7
DA:24,7
DA:25,7
DA:26,13
DA:27,14
DA:28,21
DA:29,21
DA:32,7
DA:33,7
DA:36,7
DA:37,0
DA:38,0
DA:39,0
DA:40,0
DA:41,0
DA:44,0
DA:48,0
DA:50,0
DA:54,0
DA:57,7
DA:61,14
DA:69,7
DA:81,7
DA:83,7
DA:84,7
DA:86,7
DA:87,7
DA:88,7
DA:89,14
DA:91,14
LF:31
LH:22
end_of_record
SF:lib/presentation/widgets/molecules/chat_input_bar.dart
DA:7,1
DA:20,1
DA:21,1
DA:28,1
DA:30,2
DA:31,2
DA:32,1
DA:35,1
DA:36,2
DA:37,3
DA:38,1
DA:39,2
DA:40,3
DA:43,1
DA:45,1
DA:46,1
DA:48,1
DA:49,1
DA:50,1
DA:51,1
DA:52,1
DA:53,2
DA:58,1
DA:59,1
DA:61,1
DA:63,1
DA:64,1
DA:65,1
DA:66,2
DA:67,1
DA:68,1
DA:69,1
DA:71,1
DA:72,2
DA:73,2
DA:74,2
DA:77,2
DA:80,1
DA:81,1
DA:82,1
DA:83,1
DA:87,1
DA:88,1
DA:89,1
DA:90,1
DA:94,1
DA:95,1
DA:96,1
DA:97,1
DA:109,0
DA:114,1
DA:115,2
DA:116,2
DA:118,1
DA:119,2
DA:120,1
DA:121,1
DA:122,1
DA:124,1
DA:125,1
DA:126,1
DA:127,1
DA:129,1
DA:132,2
DA:133,1
DA:134,1
LF:66
LH:65
end_of_record
SF:lib/presentation/widgets/molecules/message_bubble.dart
DA:7,0
DA:16,0
DA:18,0
DA:19,0
DA:20,0
DA:21,0
DA:22,0
DA:23,0
DA:24,0
DA:25,0
DA:26,0
DA:28,0
DA:29,0
DA:30,0
DA:32,0
DA:33,0
DA:37,0
DA:38,0
DA:39,0
DA:40,0
DA:42,0
DA:44,0
DA:47,0
DA:48,0
DA:50,0
DA:51,0
DA:52,0
DA:59,0
DA:60,0
DA:61,0
DA:68,0
DA:70,0
DA:71,0
DA:82,0
DA:83,0
LF:35
LH:0
end_of_record
SF:lib/presentation/widgets/molecules/empty_state_dotted.dart
DA:8,9
DA:31,8
DA:33,8
DA:34,8
DA:35,8
DA:36,8
DA:37,8
DA:39,8
DA:40,16
DA:41,8
DA:42,8
DA:43,8
DA:44,8
DA:45,8
DA:48,8
DA:50,8
DA:54,8
DA:55,16
DA:56,8
DA:58,8
DA:60,8
DA:61,24
DA:62,16
DA:63,8
DA:64,8
DA:65,24
DA:67,8
DA:71,15
DA:72,14
DA:73,7
DA:74,7
DA:75,21
DA:76,14
DA:83,14
DA:84,6
DA:85,3
DA:86,3
DA:87,6
DA:90,8
DA:91,0
DA:92,0
DA:93,0
DA:94,0
DA:107,8
DA:115,8
DA:117,8
DA:118,16
DA:119,16
DA:120,8
DA:123,8
DA:124,16
DA:125,16
DA:126,24
DA:127,24
DA:129,24
DA:131,16
DA:133,16
DA:134,24
DA:135,8
DA:136,8
DA:137,8
DA:142,4
DA:144,24
LF:63
LH:59
end_of_record
SF:lib/presentation/widgets/molecules/app_filter_chip.dart
DA:8,2
DA:21,2
DA:23,4
DA:24,2
DA:25,2
DA:26,2
DA:27,4
DA:28,2
DA:29,2
DA:30,2
DA:31,2
DA:32,2
DA:34,2
DA:35,2
DA:36,8
DA:37,2
DA:38,2
DA:39,2
DA:40,2
LF:19
LH:19
end_of_record
SF:lib/presentation/widgets/molecules/vendor_card.dart
DA:13,2
DA:29,2
DA:31,2
DA:32,2
DA:33,4
DA:34,4
DA:35,10
DA:37,2
DA:38,2
DA:39,2
DA:40,2
DA:41,2
DA:43,2
DA:45,2
DA:46,2
DA:47,2
DA:48,2
DA:51,4
DA:52,0
DA:53,0
DA:54,0
DA:55,0
DA:56,0
DA:59,0
DA:60,0
DA:61,0
DA:64,0
DA:67,0
DA:68,0
DA:69,0
DA:72,0
DA:76,2
DA:77,2
DA:78,2
DA:81,2
DA:87,2
DA:88,2
DA:91,2
DA:92,2
DA:94,6
DA:96,2
DA:102,2
DA:104,6
DA:105,2
DA:111,10
DA:113,1
DA:114,1
DA:115,1
DA:118,1
DA:121,1
DA:122,3
DA:123,3
DA:125,1
DA:129,1
DA:130,3
DA:132,4
DA:133,3
DA:134,1
DA:140,2
DA:141,2
DA:142,2
DA:143,2
DA:146,2
DA:149,2
DA:150,2
DA:152,6
DA:153,2
DA:161,2
DA:162,6
DA:163,2
DA:164,6
DA:165,6
DA:166,2
DA:172,3
DA:174,1
DA:176,1
DA:177,1
DA:178,1
DA:179,1
DA:183,1
DA:184,0
DA:185,1
DA:187,1
DA:191,1
DA:207,2
DA:208,2
DA:211,0
DA:212,0
DA:215,2
DA:216,2
DA:217,6
DA:219,2
DA:220,4
DA:224,2
DA:225,4
DA:226,2
DA:230,0
DA:232,0
DA:234,0
DA:236,0
DA:238,0
LF:101
LH:80
end_of_record
SF:lib/presentation/widgets/organisms/creative_dashboard_content.dart
DA:28,1
DA:56,2
DA:58,2
DA:59,2
DA:60,4
DA:63,2
DA:64,2
DA:65,1
DA:66,1
DA:67,2
DA:69,2
DA:71,0
DA:72,2
DA:75,4
DA:78,2
DA:79,2
DA:80,2
DA:81,0
DA:89,2
DA:94,6
DA:95,2
DA:100,0
DA:102,0
DA:108,2
DA:113,5
DA:114,2
DA:116,16
DA:118,2
DA:120,2
DA:122,2
DA:124,2
DA:125,2
DA:126,2
DA:128,2
DA:129,2
DA:131,8
DA:132,6
DA:136,2
DA:137,2
DA:138,8
DA:145,2
DA:146,2
DA:147,4
DA:152,4
DA:154,2
DA:155,4
DA:156,2
DA:157,2
DA:158,2
DA:161,2
DA:163,2
DA:164,2
DA:165,2
DA:166,2
DA:167,2
DA:168,1
DA:169,2
DA:172,2
DA:174,2
DA:175,2
DA:176,2
DA:177,2
DA:178,2
DA:179,2
DA:180,1
DA:181,2
DA:182,0
DA:183,0
DA:186,2
DA:187,2
DA:189,2
DA:190,2
DA:191,2
DA:192,2
DA:193,0
DA:194,0
DA:203,1
DA:211,1
DA:213,1
DA:214,1
DA:216,1
DA:217,1
DA:219,1
DA:221,1
DA:223,1
DA:224,1
DA:227,2
DA:230,1
DA:232,3
DA:238,1
DA:239,2
DA:240,3
DA:241,2
DA:248,1
DA:249,1
DA:263,2
DA:267,2
DA:269,2
DA:270,2
DA:271,2
DA:274,2
DA:275,2
DA:276,2
DA:277,2
DA:279,2
DA:280,2
DA:283,2
DA:285,4
DA:286,1
DA:289,1
DA:290,2
DA:293,1
DA:294,1
DA:296,2
DA:298,1
DA:299,2
DA:300,2
DA:302,2
DA:304,1
DA:305,1
DA:306,4
DA:307,3
DA:308,1
DA:324,2
DA:328,2
DA:330,2
DA:331,2
DA:334,2
DA:335,2
DA:336,2
DA:337,2
DA:338,2
DA:339,2
DA:340,2
DA:343,2
DA:344,2
DA:346,6
DA:351,2
DA:353,6
DA:354,4
DA:360,2
DA:361,2
DA:362,2
DA:377,2
DA:389,2
DA:391,4
DA:393,2
DA:396,2
DA:397,2
DA:398,2
DA:399,2
DA:401,2
DA:405,2
DA:409,4
DA:411,2
DA:412,2
DA:414,2
DA:418,2
DA:422,4
DA:424,2
DA:425,2
DA:427,2
DA:429,2
DA:439,2
DA:451,2
DA:453,2
DA:454,2
DA:455,2
DA:458,2
DA:459,2
DA:461,2
DA:462,4
DA:465,6
DA:468,2
DA:469,4
DA:470,6
DA:472,2
DA:476,2
DA:477,2
DA:478,6
DA:479,2
DA:488,2
DA:489,2
DA:490,2
DA:491,2
DA:492,2
DA:498,2
DA:506,2
DA:524,2
DA:526,2
DA:527,4
DA:528,2
DA:530,2
DA:531,2
DA:533,2
DA:534,2
DA:536,6
DA:540,2
DA:541,0
DA:547,2
DA:550,4
DA:551,2
DA:552,2
DA:554,2
DA:559,1
DA:560,1
DA:564,1
DA:566,2
DA:567,0
DA:568,1
DA:569,2
DA:570,1
DA:573,3
DA:574,3
DA:575,2
DA:576,1
DA:578,0
DA:579,0
DA:580,4
DA:584,0
DA:585,0
DA:587,0
DA:588,0
DA:592,0
DA:595,0
DA:599,0
DA:603,0
DA:605,0
DA:606,0
DA:607,0
DA:608,0
DA:609,0
DA:611,0
DA:613,0
DA:614,0
DA:627,1
DA:643,1
DA:645,0
DA:646,0
DA:647,0
DA:648,0
DA:649,0
DA:650,0
DA:651,0
DA:652,0
DA:655,1
DA:657,1
DA:658,1
DA:659,1
DA:661,1
DA:663,3
DA:665,1
DA:668,1
DA:672,1
DA:675,1
DA:676,1
DA:678,1
DA:679,1
DA:680,1
DA:681,1
DA:684,1
DA:685,2
DA:690,3
DA:691,0
DA:695,0
DA:696,0
DA:702,1
DA:705,2
DA:709,1
DA:713,1
DA:716,1
DA:717,1
DA:719,1
DA:724,1
DA:725,3
DA:728,1
DA:732,1
DA:734,1
DA:735,1
DA:739,1
DA:741,3
DA:742,0
DA:743,2
DA:746,1
DA:747,3
DA:750,3
DA:758,1
DA:760,1
DA:761,1
DA:762,1
DA:765,1
DA:767,1
DA:768,1
DA:772,2
DA:782,1
DA:783,1
DA:784,1
DA:789,1
DA:792,1
DA:793,1
DA:794,2
DA:795,3
DA:802,1
DA:803,1
DA:804,1
DA:807,2
DA:810,1
DA:811,1
DA:813,3
DA:814,2
DA:824,1
DA:825,1
DA:826,1
DA:829,2
DA:832,1
DA:833,1
DA:835,3
DA:836,2
DA:846,1
DA:847,1
DA:848,1
DA:851,2
DA:854,1
DA:855,2
DA:857,2
DA:858,3
DA:859,2
DA:879,0
DA:891,0
DA:893,0
DA:894,0
DA:895,0
DA:897,0
DA:898,0
DA:899,0
DA:900,0
DA:902,0
DA:905,0
DA:906,0
DA:911,0
DA:912,0
DA:913,0
DA:915,0
DA:916,0
DA:917,0
DA:918,0
DA:923,0
DA:925,0
DA:926,0
DA:927,0
DA:928,0
DA:933,0
DA:934,0
DA:935,0
DA:936,0
DA:951,2
DA:973,2
DA:975,2
DA:976,4
DA:978,2
DA:979,6
DA:980,2
DA:981,2
DA:982,2
DA:983,5
DA:985,2
DA:987,2
DA:988,2
DA:990,6
DA:995,2
DA:996,2
DA:1003,1
DA:1006,1
DA:1007,2
DA:1009,1
DA:1011,3
DA:1012,0
DA:1013,4
DA:1017,1
DA:1022,0
DA:1024,0
DA:1025,0
DA:1027,0
DA:1032,0
DA:1033,0
DA:1039,0
DA:1041,0
DA:1042,0
DA:1043,0
DA:1045,0
DA:1047,0
DA:1049,0
DA:1050,0
DA:1052,0
DA:1053,0
DA:1057,0
DA:1066,1
DA:1078,1
DA:1080,2
DA:1081,0
DA:1082,0
DA:1083,1
DA:1084,1
DA:1086,1
DA:1087,1
DA:1088,3
DA:1089,0
DA:1090,0
DA:1091,0
DA:1094,0
DA:1095,0
DA:1100,3
DA:1101,3
DA:1102,1
DA:1103,4
DA:1105,1
DA:1106,3
DA:1107,1
DA:1116,2
DA:1134,2
DA:1136,2
DA:1137,2
DA:1138,4
DA:1139,2
DA:1142,2
DA:1144,2
DA:1145,2
DA:1147,6
DA:1151,4
DA:1153,0
DA:1155,0
DA:1156,0
DA:1160,2
DA:1161,4
DA:1162,2
DA:1164,2
DA:1165,2
DA:1166,2
DA:1168,2
DA:1169,4
DA:1172,2
DA:1174,2
DA:1177,2
DA:1181,2
DA:1182,2
DA:1184,2
DA:1185,2
DA:1187,6
DA:1192,2
DA:1194,6
DA:1195,4
DA:1202,2
DA:1203,0
DA:1210,0
DA:1212,0
DA:1213,0
DA:1215,0
DA:1217,0
DA:1218,0
DA:1219,0
DA:1220,0
DA:1221,0
DA:1223,0
DA:1224,0
DA:1225,0
DA:1226,0
DA:1227,0
DA:1228,0
DA:1229,0
DA:1235,0
DA:1236,0
DA:1245,0
DA:1247,0
DA:1248,0
DA:1249,0
DA:1250,0
DA:1255,0
DA:1257,0
DA:1258,0
DA:1259,0
DA:1261,0
DA:1262,0
DA:1263,0
DA:1265,0
DA:1268,0
DA:1272,0
DA:1273,0
DA:1275,0
DA:1276,0
DA:1278,0
DA:1283,0
DA:1285,0
DA:1286,0
DA:1293,0
DA:1294,0
LF:495
LH:356
end_of_record
SF:lib/presentation/widgets/organisms/planner_dashboard_content.dart
DA:26,1
DA:30,2
DA:32,2
DA:33,2
DA:34,2
DA:35,6
DA:36,2
DA:37,4
DA:39,2
DA:40,2
DA:41,2
DA:42,2
DA:43,2
DA:44,1
DA:47,2
DA:48,2
DA:50,2
DA:51,0
DA:55,0
DA:57,0
DA:58,0
DA:62,2
DA:65,2
DA:67,2
DA:68,2
DA:72,2
DA:73,2
DA:74,2
DA:75,2
DA:79,2
DA:80,1
DA:81,1
DA:84,2
DA:85,2
DA:86,2
DA:87,2
DA:90,2
DA:91,2
DA:92,5
DA:93,2
DA:94,2
DA:95,2
DA:98,2
DA:99,2
DA:100,0
DA:107,2
DA:108,2
DA:109,2
DA:110,0
DA:122,2
DA:154,2
DA:156,2
DA:157,2
DA:159,16
DA:161,2
DA:163,2
DA:164,2
DA:165,2
DA:166,2
DA:168,2
DA:169,2
DA:171,6
DA:172,4
DA:176,2
DA:177,4
DA:178,6
DA:185,2
DA:188,2
DA:189,2
DA:190,2
DA:191,2
DA:193,2
DA:194,2
DA:197,4
DA:199,4
DA:200,0
DA:203,0
DA:204,0
DA:210,0
DA:211,0
DA:213,0
DA:214,0
DA:218,0
DA:219,0
DA:220,0
DA:222,0
DA:224,0
DA:225,0
DA:226,0
DA:228,0
DA:229,0
DA:230,0
DA:249,2
DA:253,2
DA:255,2
DA:256,2
DA:259,2
DA:260,2
DA:261,2
DA:262,2
DA:263,2
DA:264,2
DA:265,2
DA:268,2
DA:269,2
DA:271,6
DA:276,2
DA:278,6
DA:279,4
DA:285,2
DA:286,2
DA:287,2
DA:302,2
DA:312,2
DA:314,4
DA:316,2
DA:319,2
DA:320,2
DA:321,2
DA:322,2
DA:324,2
DA:328,2
DA:332,4
DA:334,2
DA:335,2
DA:337,2
DA:341,2
DA:345,4
DA:347,2
DA:348,2
DA:350,2
DA:361,2
DA:371,2
DA:373,2
DA:374,2
DA:375,2
DA:377,2
DA:380,2
DA:381,2
DA:383,2
DA:384,4
DA:387,6
DA:390,2
DA:391,4
DA:392,6
DA:394,2
DA:398,2
DA:399,2
DA:400,6
DA:401,2
DA:415,2
DA:425,2
DA:427,2
DA:428,2
DA:430,2
DA:431,2
DA:433,2
DA:434,2
DA:436,6
DA:440,4
DA:444,2
DA:446,4
DA:447,2
DA:448,2
DA:450,2
DA:459,1
DA:461,2
DA:462,0
DA:463,1
DA:464,2
DA:465,3
DA:466,1
DA:469,1
DA:470,3
DA:481,1
DA:491,1
DA:492,1
DA:495,1
DA:496,1
DA:499,1
DA:501,1
DA:502,4
DA:503,4
DA:504,2
DA:505,1
DA:506,1
DA:507,1
DA:508,1
DA:511,1
DA:513,1
DA:514,2
DA:515,9
DA:516,1
DA:517,1
DA:518,1
DA:522,3
DA:524,1
DA:527,1
DA:531,1
DA:532,1
DA:533,1
DA:536,1
DA:537,1
DA:539,1
DA:540,1
DA:543,1
DA:544,2
DA:549,3
DA:550,0
DA:554,0
DA:555,0
DA:561,1
DA:564,2
DA:567,1
DA:571,1
DA:574,1
DA:575,1
DA:577,1
DA:582,1
DA:583,3
DA:586,1
DA:590,1
DA:592,1
DA:593,1
DA:597,1
DA:599,3
DA:600,2
DA:601,0
DA:604,1
DA:605,3
DA:606,3
DA:619,1
DA:624,1
DA:627,1
DA:628,1
DA:629,2
DA:630,3
DA:637,1
DA:638,1
DA:639,1
DA:642,2
DA:645,1
DA:646,1
DA:648,3
DA:649,2
DA:659,1
DA:660,1
DA:661,1
DA:664,2
DA:667,1
DA:668,1
DA:669,1
DA:670,3
DA:671,2
DA:681,1
DA:682,1
DA:683,1
DA:686,2
DA:689,1
DA:690,2
DA:692,2
DA:693,3
DA:694,2
DA:712,2
DA:720,2
DA:722,2
DA:723,2
DA:725,2
DA:726,2
DA:728,2
DA:729,2
DA:731,6
DA:735,2
DA:736,2
DA:742,4
DA:743,2
DA:746,2
DA:748,2
DA:749,2
DA:751,2
DA:763,0
DA:766,0
DA:767,0
DA:768,0
DA:769,0
DA:770,0
DA:771,0
DA:772,0
DA:773,0
DA:774,0
DA:775,0
DA:785,0
DA:799,0
DA:800,0
DA:801,0
DA:802,0
DA:803,0
DA:805,0
DA:807,0
DA:812,0
DA:815,0
DA:816,0
DA:819,0
DA:820,0
DA:822,0
DA:825,0
DA:826,0
DA:828,0
DA:831,0
DA:832,0
DA:834,0
DA:837,0
DA:838,0
DA:843,0
DA:844,0
DA:845,0
DA:846,0
DA:847,0
DA:848,0
DA:849,0
DA:851,0
DA:852,0
DA:853,0
DA:855,0
DA:856,0
DA:857,0
DA:859,0
DA:862,0
DA:864,0
DA:865,0
DA:866,0
DA:867,0
DA:868,0
DA:870,0
DA:873,0
DA:875,0
DA:877,0
DA:879,0
DA:880,0
DA:882,0
DA:884,0
DA:885,0
DA:887,0
DA:891,0
DA:894,0
DA:895,0
DA:897,0
DA:898,0
DA:899,0
DA:900,0
DA:907,0
DA:908,0
DA:909,0
DA:917,0
DA:919,0
DA:920,0
DA:922,0
DA:929,0
DA:930,0
DA:931,0
DA:932,0
DA:933,0
DA:943,0
DA:944,0
DA:945,0
DA:952,0
DA:954,0
DA:956,0
DA:959,0
LF:369
LH:252
end_of_record
SF:lib/presentation/widgets/molecules/conversation_list_item.dart
DA:9,1
DA:22,1
DA:24,1
DA:25,1
DA:26,4
DA:27,2
DA:28,0
DA:29,3
DA:31,0
DA:33,4
DA:34,1
DA:36,1
DA:38,1
DA:39,1
DA:40,1
DA:41,1
DA:43,1
DA:44,1
DA:45,2
DA:51,1
DA:52,1
DA:56,2
DA:57,0
DA:58,0
DA:59,0
DA:62,1
DA:63,1
DA:64,1
DA:67,1
DA:74,1
DA:75,1
DA:78,1
DA:79,1
DA:83,3
DA:84,3
DA:87,1
DA:88,3
DA:89,1
DA:94,1
DA:98,3
DA:100,0
DA:101,2
DA:102,3
DA:112,2
DA:114,1
DA:117,1
DA:118,1
DA:119,1
DA:121,3
DA:122,3
DA:123,1
DA:124,2
DA:128,4
DA:129,2
DA:130,1
DA:131,1
DA:132,3
DA:140,1
DA:141,1
DA:144,1
DA:145,3
DA:147,3
DA:148,3
DA:149,1
DA:163,1
DA:164,1
DA:165,1
DA:167,1
DA:168,2
DA:169,1
DA:170,1
DA:172,2
DA:174,1
DA:181,1
DA:182,1
DA:183,4
DA:184,4
DA:185,1
DA:186,0
DA:188,1
DA:189,1
DA:190,3
DA:192,0
DA:194,3
LF:84
LH:76
end_of_record
SF:lib/presentation/widgets/atoms/section_header.dart
DA:6,3
DA:19,3
DA:21,3
DA:22,9
DA:25,3
DA:27,3
DA:28,3
DA:29,3
DA:30,1
DA:31,1
DA:32,4
DA:34,2
DA:37,4
LF:13
LH:13
end_of_record
SF:lib/presentation/widgets/atoms/skeleton_box.dart
DA:9,15
DA:22,11
DA:24,22
DA:25,22
DA:27,22
DA:28,0
DA:29,11
DA:30,11
DA:31,11
DA:32,11
DA:35,22
DA:38,11
DA:40,31
DA:41,11
DA:42,11
DA:43,22
LF:16
LH:15
end_of_record
SF:lib/presentation/widgets/molecules/chip_editor.dart
DA:5,2
DA:16,1
DA:17,1
DA:23,0
DA:24,0
DA:25,0
DA:26,0
DA:27,0
DA:28,0
DA:31,0
DA:32,0
DA:35,1
DA:37,2
DA:38,1
DA:41,1
DA:43,1
DA:45,1
DA:46,1
DA:49,1
DA:50,3
DA:51,0
DA:56,1
DA:57,1
DA:58,1
DA:59,1
DA:60,1
DA:61,1
DA:62,2
DA:65,0
DA:69,2
LF:30
LH:20
end_of_record
SF:lib/presentation/widgets/molecules/profile_edit_section.dart
DA:5,2
DA:16,2
DA:18,2
DA:20,2
DA:22,2
DA:23,2
DA:24,2
DA:25,2
DA:27,6
DA:29,3
DA:31,1
DA:32,1
DA:33,4
DA:34,3
DA:38,2
DA:39,2
LF:16
LH:16
end_of_record
SF:lib/presentation/widgets/molecules/profile_edit_section_card.dart
DA:8,2
DA:21,2
DA:23,2
DA:24,2
DA:26,2
DA:27,2
DA:29,2
DA:31,2
DA:32,2
DA:34,2
DA:35,4
DA:36,2
DA:38,2
DA:39,4
DA:42,2
DA:44,2
DA:45,2
DA:47,2
DA:52,2
DA:53,2
DA:55,2
DA:56,2
DA:57,2
DA:58,6
DA:63,2
DA:64,2
DA:65,6
DA:66,2
DA:75,2
LF:29
LH:29
end_of_record
SF:lib/presentation/widgets/molecules/profile_photo_card.dart
DA:19,5
DA:35,2
DA:37,2
DA:38,2
DA:39,2
DA:40,2
DA:42,2
DA:44,2
DA:45,2
DA:47,2
DA:48,4
DA:49,2
DA:51,2
DA:54,2
DA:58,2
DA:59,2
DA:62,2
DA:63,2
DA:65,6
DA:70,2
DA:72,6
DA:73,2
DA:80,2
DA:81,4
DA:82,2
DA:83,2
DA:84,2
DA:85,2
DA:96,2
DA:106,0
DA:107,0
DA:108,0
DA:109,0
DA:111,0
DA:112,0
DA:118,0
DA:119,0
DA:121,0
DA:123,0
DA:125,0
DA:126,0
DA:127,0
DA:128,0
DA:129,0
DA:130,0
DA:131,0
DA:133,0
DA:134,0
DA:137,0
DA:138,0
DA:140,0
DA:141,0
DA:143,0
DA:148,0
DA:149,0
DA:154,2
DA:156,4
DA:157,2
DA:158,2
DA:159,2
DA:161,2
DA:162,4
DA:163,2
DA:164,2
DA:165,2
DA:167,2
DA:168,2
DA:170,2
DA:172,4
DA:173,0
DA:174,0
DA:176,0
DA:177,2
DA:180,2
DA:183,2
DA:184,2
DA:185,2
DA:186,2
DA:189,0
DA:190,0
DA:191,0
DA:192,0
DA:193,0
DA:194,0
DA:197,4
DA:198,0
DA:203,2
DA:204,2
DA:205,1
LF:89
LH:53
end_of_record
SF:lib/presentation/widgets/molecules/profile_save_bar.dart
DA:6,2
DA:15,2
DA:17,2
DA:19,2
DA:20,2
DA:24,8
DA:26,6
DA:27,2
DA:29,2
DA:31,2
DA:32,4
DA:33,2
DA:37,2
DA:38,0
DA:42,0
DA:43,0
LF:16
LH:13
end_of_record
SF:lib/presentation/widgets/molecules/privacy_settings_form.dart
DA:12,4
DA:17,1
DA:19,1
DA:20,1
DA:22,1
DA:23,3
DA:25,1
DA:28,1
DA:29,1
DA:30,1
DA:33,1
DA:34,1
DA:36,1
DA:38,1
DA:39,1
DA:40,0
DA:42,0
DA:45,1
DA:48,1
DA:49,1
DA:56,1
DA:61,1
DA:70,1
DA:72,1
DA:74,1
DA:75,1
DA:76,0
DA:78,0
DA:81,1
DA:84,1
DA:85,1
DA:90,1
DA:95,1
DA:104,1
DA:107,1
DA:108,0
DA:109,0
LF:37
LH:31
end_of_record
SF:lib/domain/usecases/user/update_user_role_usecase.dart
DA:6,1
DA:10,1
DA:11,2
LF:3
LH:3
end_of_record
